Case #1: 4 3
o 1 1
+ 1 2
x 2 2
Case #2: 2 0
Case #3: 6 5
o 1 1
+ 1 2
+ 1 3
x 2 2
x 3 3
Case #4: 201 199
o 1 84
+ 1 1
+ 1 2
+ 1 3
+ 1 4
+ 1 5
+ 1 6
+ 1 7
+ 1 8
+ 1 9
+ 1 10
+ 1 11
+ 1 12
+ 1 13
+ 1 14
+ 1 15
+ 1 16
+ 1 17
+ 1 18
+ 1 19
+ 1 20
+ 1 21
+ 1 22
+ 1 23
+ 1 24
+ 1 25
+ 1 26
+ 1 27
+ 1 28
+ 1 29
+ 1 30
+ 1 31
+ 1 32
+ 1 33
+ 1 34
+ 1 35
+ 1 36
+ 1 37
+ 1 38
+ 1 39
+ 1 40
+ 1 41
+ 1 42
+ 1 43
+ 1 44
+ 1 45
+ 1 46
+ 1 47
+ 1 48
+ 1 49
+ 1 50
+ 1 51
+ 1 52
+ 1 53
+ 1 54
+ 1 55
+ 1 56
+ 1 57
+ 1 58
+ 1 59
+ 1 60
+ 1 61
+ 1 62
+ 1 63
+ 1 64
+ 1 65
+ 1 66
+ 1 67
+ 1 68
+ 1 69
+ 1 70
+ 1 71
+ 1 72
+ 1 73
+ 1 74
+ 1 75
+ 1 76
+ 1 77
+ 1 78
+ 1 79
+ 1 80
+ 1 81
+ 1 82
+ 1 83
+ 1 85
+ 1 86
+ 1 87
+ 1 88
+ 1 89
+ 1 90
+ 1 91
+ 1 92
+ 1 93
+ 1 94
+ 1 95
+ 1 96
+ 1 97
+ 1 98
+ 1 99
+ 1 100
o 2 1
x 3 2
x 4 3
x 5 4
x 6 5
x 7 6
x 8 7
x 9 8
x 10 9
x 11 10
x 12 11
x 13 12
x 14 13
x 15 14
x 16 15
x 17 16
x 18 17
x 19 18
x 20 19
x 21 20
x 22 21
x 23 22
x 24 23
x 25 24
x 26 25
x 27 26
x 28 27
x 29 28
x 30 29
x 31 30
x 32 31
x 33 32
x 34 33
x 35 34
x 36 35
x 37 36
x 38 37
x 39 38
x 40 39
x 41 40
x 42 41
x 43 42
x 44 43
x 45 44
x 46 45
x 47 46
x 48 47
x 49 48
x 50 49
x 51 50
x 52 51
x 53 52
x 54 53
x 55 54
x 56 55
x 57 56
x 58 57
x 59 58
x 60 59
x 61 60
x 62 61
x 63 62
x 64 63
x 65 64
x 66 65
x 67 66
x 68 67
x 69 68
x 70 69
x 71 70
x 72 71
x 73 72
x 74 73
x 75 74
x 76 75
x 77 76
x 78 77
x 79 78
x 80 79
x 81 80
x 82 81
x 83 82
x 84 83
x 86 85
x 87 86
x 88 87
x 89 88
x 90 89
x 91 90
x 92 91
x 93 92
x 94 93
x 95 94
x 96 95
x 97 96
x 98 97
x 99 98
x 100 99
x 101 100
Case #5: 97 93
+ 1 1
+ 1 2
+ 1 3
+ 1 4
+ 1 5
+ 1 6
+ 1 7
+ 1 9
+ 1 10
+ 1 11
+ 1 12
+ 1 13
+ 1 14
+ 1 15
+ 1 16
+ 1 17
+ 1 18
+ 1 19
+ 1 20
+ 1 21
+ 1 22
+ 1 23
+ 1 24
+ 1 25
+ 1 26
+ 1 28
+ 1 29
+ 1 30
+ 1 31
+ 1 32
+ 1 33
+ 1 34
+ 1 35
+ 1 36
+ 1 37
+ 1 38
+ 1 39
+ 1 40
+ 1 41
+ 1 42
+ 1 43
+ 1 44
+ 1 45
+ 1 46
+ 1 47
+ 1 48
o 2 1
x 3 2
x 4 3
x 5 4
x 6 5
x 7 6
x 8 7
x 10 9
x 11 10
x 12 11
x 13 12
x 14 13
x 15 14
x 16 15
x 17 16
x 18 17
x 19 18
x 20 19
x 21 20
x 22 21
x 23 22
x 24 23
x 25 24
x 26 25
x 27 26
x 28 27
x 29 28
x 30 29
x 31 30
x 32 31
x 33 32
x 34 33
x 35 34
x 36 35
x 37 36
x 38 37
x 39 38
x 40 39
x 41 40
x 42 41
x 43 42
x 44 43
x 45 44
x 46 45
x 47 46
x 48 47
x 49 48
Case #6: 43 38
+ 1 1
+ 1 2
+ 1 3
+ 1 4
+ 1 5
+ 1 6
+ 1 9
+ 1 10
+ 1 12
+ 1 13
+ 1 14
+ 1 15
+ 1 16
+ 1 17
+ 1 18
+ 1 19
+ 1 20
+ 1 21
o 2 1
x 3 2
x 4 3
x 5 4
x 6 5
x 7 6
x 8 7
x 10 9
x 11 10
x 12 11
x 13 12
x 14 13
x 15 14
x 16 15
x 17 16
x 18 17
x 19 18
x 20 19
x 21 20
x 22 21
Case #7: 201 194
o 1 1
+ 1 2
+ 1 3
+ 1 5
+ 1 6
+ 1 8
+ 1 9
+ 1 10
+ 1 11
+ 1 12
+ 1 13
+ 1 15
+ 1 16
+ 1 17
+ 1 18
+ 1 19
+ 1 20
+ 1 21
+ 1 22
+ 1 23
+ 1 24
+ 1 25
+ 1 27
+ 1 28
+ 1 29
+ 1 30
+ 1 31
+ 1 32
+ 1 33
+ 1 34
+ 1 35
+ 1 36
+ 1 37
+ 1 38
+ 1 39
+ 1 40
+ 1 41
+ 1 42
+ 1 43
+ 1 44
+ 1 45
+ 1 46
+ 1 47
+ 1 48
+ 1 50
+ 1 51
+ 1 52
+ 1 53
+ 1 54
+ 1 55
+ 1 56
+ 1 57
+ 1 58
+ 1 59
+ 1 60
+ 1 61
+ 1 62
+ 1 63
+ 1 64
+ 1 65
+ 1 66
+ 1 67
+ 1 68
+ 1 69
+ 1 70
+ 1 71
+ 1 72
+ 1 73
+ 1 74
+ 1 75
+ 1 76
+ 1 77
+ 1 78
+ 1 79
+ 1 80
+ 1 81
+ 1 82
+ 1 83
+ 1 84
+ 1 85
+ 1 86
+ 1 87
+ 1 88
+ 1 89
+ 1 90
+ 1 91
+ 1 92
+ 1 93
+ 1 94
+ 1 95
+ 1 96
+ 1 97
+ 1 98
+ 1 99
+ 1 100
x 2 2
x 3 3
x 4 4
x 5 5
x 6 6
x 7 7
x 8 8
x 9 9
x 10 10
x 11 11
x 12 12
x 13 13
x 14 14
x 15 15
x 16 16
x 17 17
x 18 18
x 19 19
x 20 20
x 21 21
x 22 22
x 23 23
x 24 24
x 25 25
x 26 26
x 27 27
x 28 28
x 29 29
x 30 30
x 31 31
x 32 32
x 33 33
x 34 34
x 35 35
x 36 36
x 37 37
x 38 38
x 39 39
x 40 40
x 41 41
x 42 42
x 43 43
x 44 44
x 45 45
x 46 46
x 47 47
x 48 48
x 49 49
x 50 50
x 51 51
x 52 52
x 53 53
x 54 54
x 55 55
x 56 56
x 57 57
x 58 58
x 59 59
x 60 60
x 61 61
x 62 62
x 63 63
x 64 64
x 65 65
x 66 66
x 67 67
x 68 68
x 69 69
x 70 70
x 71 71
x 72 72
x 73 73
x 74 74
x 75 75
x 76 76
x 77 77
x 78 78
x 79 79
x 80 80
x 81 81
x 82 82
x 83 83
x 84 84
x 85 85
x 86 86
x 87 87
x 88 88
x 89 89
x 90 90
x 91 91
x 92 92
x 93 93
x 94 94
x 95 95
x 96 96
x 97 97
x 98 98
x 99 99
x 100 100
Case #8: 201 194
o 1 1
+ 1 2
+ 1 3
+ 1 4
+ 1 5
+ 1 6
+ 1 7
+ 1 8
+ 1 9
+ 1 10
+ 1 11
+ 1 12
+ 1 13
+ 1 14
+ 1 15
+ 1 16
+ 1 17
+ 1 18
+ 1 19
+ 1 20
+ 1 22
+ 1 23
+ 1 24
+ 1 27
+ 1 28
+ 1 29
+ 1 30
+ 1 32
+ 1 33
+ 1 34
+ 1 35
+ 1 36
+ 1 37
+ 1 38
+ 1 39
+ 1 40
+ 1 41
+ 1 43
+ 1 44
+ 1 45
+ 1 46
+ 1 47
+ 1 48
+ 1 49
+ 1 50
+ 1 51
+ 1 52
+ 1 53
+ 1 54
+ 1 55
+ 1 56
+ 1 57
+ 1 58
+ 1 59
+ 1 60
+ 1 61
+ 1 62
+ 1 63
+ 1 64
+ 1 65
+ 1 66
+ 1 67
+ 1 68
+ 1 69
+ 1 70
+ 1 71
+ 1 72
+ 1 73
+ 1 74
+ 1 75
+ 1 76
+ 1 77
+ 1 78
+ 1 79
+ 1 80
+ 1 81
+ 1 82
+ 1 83
+ 1 84
+ 1 85
+ 1 86
+ 1 87
+ 1 88
+ 1 89
+ 1 90
+ 1 91
+ 1 92
+ 1 93
+ 1 94
+ 1 95
+ 1 96
+ 1 97
+ 1 98
+ 1 99
+ 1 100
x 2 2
x 3 3
x 4 4
x 5 5
x 6 6
x 7 7
x 8 8
x 9 9
x 10 10
x 11 11
x 12 12
x 13 13
x 14 14
x 15 15
x 16 16
x 17 17
x 18 18
x 19 19
x 20 20
x 21 21
x 22 22
x 23 23
x 24 24
x 25 25
x 26 26
x 27 27
x 28 28
x 29 29
x 30 30
x 31 31
x 32 32
x 33 33
x 34 34
x 35 35
x 36 36
x 37 37
x 38 38
x 39 39
x 40 40
x 41 41
x 42 42
x 43 43
x 44 44
x 45 45
x 46 46
x 47 47
x 48 48
x 49 49
x 50 50
x 51 51
x 52 52
x 53 53
x 54 54
x 55 55
x 56 56
x 57 57
x 58 58
x 59 59
x 60 60
x 61 61
x 62 62
x 63 63
x 64 64
x 65 65
x 66 66
x 67 67
x 68 68
x 69 69
x 70 70
x 71 71
x 72 72
x 73 73
x 74 74
x 75 75
x 76 76
x 77 77
x 78 78
x 79 79
x 80 80
x 81 81
x 82 82
x 83 83
x 84 84
x 85 85
x 86 86
x 87 87
x 88 88
x 89 89
x 90 90
x 91 91
x 92 92
x 93 93
x 94 94
x 95 95
x 96 96
x 97 97
x 98 98
x 99 99
x 100 100
Case #9: 91 86
+ 1 1
+ 1 2
+ 1 3
+ 1 4
+ 1 5
+ 1 7
+ 1 8
+ 1 9
+ 1 10
+ 1 11
+ 1 12
+ 1 13
+ 1 14
+ 1 15
+ 1 16
+ 1 17
+ 1 18
+ 1 19
+ 1 20
+ 1 21
+ 1 22
+ 1 23
+ 1 24
+ 1 25
+ 1 26
+ 1 28
+ 1 29
+ 1 30
+ 1 32
+ 1 33
+ 1 34
+ 1 35
+ 1 36
+ 1 37
+ 1 38
+ 1 39
+ 1 40
+ 1 41
+ 1 42
+ 1 43
+ 1 44
+ 1 45
o 2 1
x 3 2
x 4 3
x 5 4
x 6 5
x 8 7
x 9 8
x 10 9
x 11 10
x 12 11
x 13 12
x 14 13
x 15 14
x 16 15
x 17 16
x 18 17
x 19 18
x 20 19
x 21 20
x 22 21
x 23 22
x 24 23
x 25 24
x 26 25
x 27 26
x 28 27
x 29 28
x 30 29
x 31 30
x 32 31
x 33 32
x 34 33
x 35 34
x 36 35
x 37 36
x 38 37
x 39 38
x 40 39
x 41 40
x 42 41
x 43 42
x 44 43
x 45 44
x 46 45
Case #10: 27 22
o 1 13
+ 1 1
+ 1 2
+ 1 5
+ 1 6
+ 1 8
+ 1 9
+ 1 10
+ 1 11
+ 1 12
o 2 1
x 3 2
x 4 3
x 5 4
x 6 5
x 7 6
x 8 7
x 9 8
x 10 9
x 11 10
x 12 11
x 13 12
Case #11: 157 152
o 1 36
+ 1 2
+ 1 3
+ 1 4
+ 1 5
+ 1 6
+ 1 7
+ 1 8
+ 1 9
+ 1 10
+ 1 11
+ 1 12
+ 1 13
+ 1 14
+ 1 15
+ 1 16
+ 1 17
+ 1 18
+ 1 19
+ 1 20
+ 1 21
+ 1 22
+ 1 23
+ 1 24
+ 1 25
+ 1 26
+ 1 27
+ 1 28
+ 1 30
+ 1 31
+ 1 32
+ 1 33
+ 1 34
+ 1 35
+ 1 37
+ 1 38
+ 1 39
+ 1 40
+ 1 42
+ 1 43
+ 1 44
+ 1 45
+ 1 46
+ 1 47
+ 1 48
+ 1 49
+ 1 50
+ 1 51
+ 1 52
+ 1 53
+ 1 54
+ 1 55
+ 1 56
+ 1 57
+ 1 58
+ 1 59
+ 1 60
+ 1 61
+ 1 62
+ 1 63
+ 1 64
+ 1 65
+ 1 66
+ 1 67
+ 1 68
+ 1 69
+ 1 70
+ 1 71
+ 1 72
+ 1 73
+ 1 74
+ 1 75
+ 1 76
+ 1 77
+ 1 78
o 2 1
x 3 2
x 4 3
x 5 4
x 6 5
x 7 6
x 8 7
x 9 8
x 10 9
x 11 10
x 12 11
x 13 12
x 14 13
x 15 14
x 16 15
x 17 16
x 18 17
x 19 18
x 20 19
x 21 20
x 22 21
x 23 22
x 24 23
x 25 24
x 26 25
x 27 26
x 28 27
x 29 28
x 30 29
x 31 30
x 32 31
x 33 32
x 34 33
x 35 34
x 36 35
x 38 37
x 39 38
x 40 39
x 41 40
x 42 41
x 43 42
x 44 43
x 45 44
x 46 45
x 47 46
x 48 47
x 49 48
x 50 49
x 51 50
x 52 51
x 53 52
x 54 53
x 55 54
x 56 55
x 57 56
x 58 57
x 59 58
x 60 59
x 61 60
x 62 61
x 63 62
x 64 63
x 65 64
x 66 65
x 67 66
x 68 67
x 69 68
x 70 69
x 71 70
x 72 71
x 73 72
x 74 73
x 75 74
x 76 75
x 77 76
x 78 77
x 79 78
Case #12: 151 148
o 1 61
+ 1 1
+ 1 2
+ 1 3
+ 1 4
+ 1 5
+ 1 6
+ 1 7
+ 1 8
+ 1 9
+ 1 10
+ 1 11
+ 1 12
+ 1 13
+ 1 14
+ 1 15
+ 1 16
+ 1 17
+ 1 18
+ 1 19
+ 1 20
+ 1 21
+ 1 22
+ 1 23
+ 1 24
+ 1 25
+ 1 26
+ 1 27
+ 1 28
+ 1 29
+ 1 30
+ 1 31
+ 1 32
+ 1 34
+ 1 35
+ 1 36
+ 1 37
+ 1 38
+ 1 39
+ 1 40
+ 1 41
+ 1 42
+ 1 43
+ 1 44
+ 1 45
+ 1 46
+ 1 47
+ 1 48
+ 1 49
+ 1 50
+ 1 51
+ 1 52
+ 1 53
+ 1 54
+ 1 55
+ 1 56
+ 1 57
+ 1 58
+ 1 59
+ 1 60
+ 1 62
+ 1 63
+ 1 64
+ 1 65
+ 1 66
+ 1 67
+ 1 68
+ 1 69
+ 1 70
+ 1 71
+ 1 72
+ 1 73
+ 1 74
+ 1 75
o 2 1
x 3 2
x 4 3
x 5 4
x 6 5
x 7 6
x 8 7
x 9 8
x 10 9
x 11 10
x 12 11
x 13 12
x 14 13
x 15 14
x 16 15
x 17 16
x 18 17
x 19 18
x 20 19
x 21 20
x 22 21
x 23 22
x 24 23
x 25 24
x 26 25
x 27 26
x 28 27
x 29 28
x 30 29
x 31 30
x 32 31
x 33 32
x 34 33
x 35 34
x 36 35
x 37 36
x 38 37
x 39 38
x 40 39
x 41 40
x 42 41
x 43 42
x 44 43
x 45 44
x 46 45
x 47 46
x 48 47
x 49 48
x 50 49
x 51 50
x 52 51
x 53 52
x 54 53
x 55 54
x 56 55
x 57 56
x 58 57
x 59 58
x 60 59
x 61 60
x 63 62
x 64 63
x 65 64
x 66 65
x 67 66
x 68 67
x 69 68
x 70 69
x 71 70
x 72 71
x 73 72
x 74 73
x 75 74
x 76 75
Case #13: 201 198
o 1 36
+ 1 2
+ 1 3
+ 1 4
+ 1 5
+ 1 6
+ 1 7
+ 1 8
+ 1 9
+ 1 10
+ 1 11
+ 1 12
+ 1 13
+ 1 14
+ 1 15
+ 1 16
+ 1 17
+ 1 18
+ 1 19
+ 1 20
+ 1 21
+ 1 22
+ 1 23
+ 1 24
+ 1 25
+ 1 26
+ 1 27
+ 1 28
+ 1 29
+ 1 30
+ 1 31
+ 1 32
+ 1 33
+ 1 34
+ 1 35
+ 1 37
+ 1 38
+ 1 39
+ 1 40
+ 1 41
+ 1 42
+ 1 43
+ 1 44
+ 1 45
+ 1 46
+ 1 47
+ 1 48
+ 1 49
+ 1 50
+ 1 51
+ 1 52
+ 1 53
+ 1 54
+ 1 55
+ 1 56
+ 1 57
+ 1 58
+ 1 59
+ 1 60
+ 1 61
+ 1 62
+ 1 63
+ 1 64
+ 1 65
+ 1 66
+ 1 67
+ 1 68
+ 1 69
+ 1 70
+ 1 71
+ 1 72
+ 1 73
+ 1 74
+ 1 75
+ 1 76
+ 1 77
+ 1 78
+ 1 79
+ 1 80
+ 1 81
+ 1 82
+ 1 83
+ 1 84
+ 1 85
+ 1 86
+ 1 87
+ 1 88
+ 1 89
+ 1 90
+ 1 91
+ 1 92
+ 1 93
+ 1 94
+ 1 95
+ 1 96
+ 1 97
+ 1 98
+ 1 99
+ 1 100
o 2 1
x 3 2
x 4 3
x 5 4
x 6 5
x 7 6
x 8 7
x 9 8
x 10 9
x 11 10
x 12 11
x 13 12
x 14 13
x 15 14
x 16 15
x 17 16
x 18 17
x 19 18
x 20 19
x 21 20
x 22 21
x 23 22
x 24 23
x 25 24
x 26 25
x 27 26
x 28 27
x 29 28
x 30 29
x 31 30
x 32 31
x 33 32
x 34 33
x 35 34
x 36 35
x 38 37
x 39 38
x 40 39
x 41 40
x 42 41
x 43 42
x 44 43
x 45 44
x 46 45
x 47 46
x 48 47
x 49 48
x 50 49
x 51 50
x 52 51
x 53 52
x 54 53
x 55 54
x 56 55
x 57 56
x 58 57
x 59 58
x 60 59
x 61 60
x 62 61
x 63 62
x 64 63
x 65 64
x 66 65
x 67 66
x 68 67
x 69 68
x 70 69
x 71 70
x 72 71
x 73 72
x 74 73
x 75 74
x 76 75
x 77 76
x 78 77
x 79 78
x 80 79
x 81 80
x 82 81
x 83 82
x 84 83
x 85 84
x 86 85
x 87 86
x 88 87
x 89 88
x 90 89
x 91 90
x 92 91
x 93 92
x 94 93
x 95 94
x 96 95
x 97 96
x 98 97
x 99 98
x 100 99
x 101 100
Case #14: 201 198
o 1 1
+ 1 2
+ 1 4
+ 1 5
+ 1 6
+ 1 7
+ 1 8
+ 1 9
+ 1 10
+ 1 11
+ 1 12
+ 1 13
+ 1 14
+ 1 15
+ 1 16
+ 1 17
+ 1 18
+ 1 19
+ 1 20
+ 1 21
+ 1 22
+ 1 23
+ 1 24
+ 1 25
+ 1 26
+ 1 27
+ 1 28
+ 1 29
+ 1 30
+ 1 31
+ 1 32
+ 1 33
+ 1 34
+ 1 35
+ 1 36
+ 1 37
+ 1 38
+ 1 39
+ 1 40
+ 1 41
+ 1 42
+ 1 43
+ 1 44
+ 1 45
+ 1 46
+ 1 47
+ 1 48
+ 1 49
+ 1 50
+ 1 51
+ 1 52
+ 1 53
+ 1 54
+ 1 55
+ 1 56
+ 1 57
+ 1 58
+ 1 59
+ 1 60
+ 1 61
+ 1 62
+ 1 63
+ 1 64
+ 1 65
+ 1 66
+ 1 67
+ 1 68
+ 1 69
+ 1 70
+ 1 71
+ 1 72
+ 1 73
+ 1 74
+ 1 75
+ 1 76
+ 1 77
+ 1 78
+ 1 79
+ 1 80
+ 1 81
+ 1 82
+ 1 83
+ 1 84
+ 1 85
+ 1 86
+ 1 87
+ 1 88
+ 1 89
+ 1 90
+ 1 91
+ 1 92
+ 1 93
+ 1 94
+ 1 95
+ 1 96
+ 1 97
+ 1 98
+ 1 99
+ 1 100
x 2 2
x 3 3
x 4 4
x 5 5
x 6 6
x 7 7
x 8 8
x 9 9
x 10 10
x 11 11
x 12 12
x 13 13
x 14 14
x 15 15
x 16 16
x 17 17
x 18 18
x 19 19
x 20 20
x 21 21
x 22 22
x 23 23
x 24 24
x 25 25
x 26 26
x 27 27
x 28 28
x 29 29
x 30 30
x 31 31
x 32 32
x 33 33
x 34 34
x 35 35
x 36 36
x 37 37
x 38 38
x 39 39
x 40 40
x 41 41
x 42 42
x 43 43
x 44 44
x 45 45
x 46 46
x 47 47
x 48 48
x 49 49
x 50 50
x 51 51
x 52 52
x 53 53
x 54 54
x 55 55
x 56 56
x 57 57
x 58 58
x 59 59
x 60 60
x 61 61
x 62 62
x 63 63
x 64 64
x 65 65
x 66 66
x 67 67
x 68 68
x 69 69
x 70 70
x 71 71
x 72 72
x 73 73
x 74 74
x 75 75
x 76 76
x 77 77
x 78 78
x 79 79
x 80 80
x 81 81
x 82 82
x 83 83
x 84 84
x 85 85
x 86 86
x 87 87
x 88 88
x 89 89
x 90 90
x 91 91
x 92 92
x 93 93
x 94 94
x 95 95
x 96 96
x 97 97
x 98 98
x 99 99
x 100 100
Case #15: 177 174
o 1 71
+ 1 1
+ 1 2
+ 1 3
+ 1 4
+ 1 5
+ 1 6
+ 1 7
+ 1 8
+ 1 9
+ 1 10
+ 1 11
+ 1 12
+ 1 13
+ 1 14
+ 1 15
+ 1 16
+ 1 17
+ 1 18
+ 1 19
+ 1 20
+ 1 21
+ 1 22
+ 1 23
+ 1 24
+ 1 25
+ 1 26
+ 1 27
+ 1 28
+ 1 29
+ 1 30
+ 1 31
+ 1 32
+ 1 33
+ 1 34
+ 1 35
+ 1 36
+ 1 37
+ 1 38
+ 1 39
+ 1 40
+ 1 41
+ 1 42
+ 1 43
+ 1 44
+ 1 45
+ 1 46
+ 1 47
+ 1 48
+ 1 49
+ 1 50
+ 1 51
+ 1 52
+ 1 53
+ 1 54
+ 1 55
+ 1 56
+ 1 57
+ 1 58
+ 1 59
+ 1 60
+ 1 61
+ 1 62
+ 1 63
+ 1 64
+ 1 65
+ 1 66
+ 1 68
+ 1 69
+ 1 70
+ 1 72
+ 1 73
+ 1 74
+ 1 75
+ 1 76
+ 1 77
+ 1 78
+ 1 79
+ 1 80
+ 1 81
+ 1 82
+ 1 83
+ 1 84
+ 1 85
+ 1 86
+ 1 87
+ 1 88
o 2 1
x 3 2
x 4 3
x 5 4
x 6 5
x 7 6
x 8 7
x 9 8
x 10 9
x 11 10
x 12 11
x 13 12
x 14 13
x 15 14
x 16 15
x 17 16
x 18 17
x 19 18
x 20 19
x 21 20
x 22 21
x 23 22
x 24 23
x 25 24
x 26 25
x 27 26
x 28 27
x 29 28
x 30 29
x 31 30
x 32 31
x 33 32
x 34 33
x 35 34
x 36 35
x 37 36
x 38 37
x 39 38
x 40 39
x 41 40
x 42 41
x 43 42
x 44 43
x 45 44
x 46 45
x 47 46
x 48 47
x 49 48
x 50 49
x 51 50
x 52 51
x 53 52
x 54 53
x 55 54
x 56 55
x 57 56
x 58 57
x 59 58
x 60 59
x 61 60
x 62 61
x 63 62
x 64 63
x 65 64
x 66 65
x 67 66
x 68 67
x 69 68
x 70 69
x 71 70
x 73 72
x 74 73
x 75 74
x 76 75
x 77 76
x 78 77
x 79 78
x 80 79
x 81 80
x 82 81
x 83 82
x 84 83
x 85 84
x 86 85
x 87 86
x 88 87
x 89 88
Case #16: 200 198
o 1 1
+ 1 3
+ 1 4
+ 1 5
+ 1 6
+ 1 7
+ 1 8
+ 1 9
+ 1 10
+ 1 11
+ 1 12
+ 1 13
+ 1 14
+ 1 15
+ 1 16
+ 1 17
+ 1 18
+ 1 19
+ 1 20
+ 1 21
+ 1 22
+ 1 23
+ 1 24
+ 1 25
+ 1 26
+ 1 27
+ 1 28
+ 1 29
+ 1 30
+ 1 31
+ 1 32
+ 1 33
+ 1 34
+ 1 35
+ 1 36
+ 1 37
+ 1 38
+ 1 39
+ 1 40
+ 1 41
+ 1 42
+ 1 43
+ 1 44
+ 1 45
+ 1 46
+ 1 47
+ 1 48
+ 1 49
+ 1 50
+ 1 51
+ 1 52
+ 1 53
+ 1 54
+ 1 55
+ 1 56
+ 1 57
+ 1 58
+ 1 59
+ 1 60
+ 1 61
+ 1 62
+ 1 63
+ 1 64
+ 1 65
+ 1 66
+ 1 67
+ 1 68
+ 1 69
+ 1 70
+ 1 71
+ 1 72
+ 1 73
+ 1 74
+ 1 75
+ 1 76
+ 1 77
+ 1 78
+ 1 79
+ 1 80
+ 1 81
+ 1 82
+ 1 83
+ 1 84
+ 1 85
+ 1 86
+ 1 87
+ 1 88
+ 1 89
+ 1 90
+ 1 91
+ 1 92
+ 1 93
+ 1 94
+ 1 95
+ 1 96
+ 1 97
+ 1 98
+ 1 99
+ 1 100
x 2 2
x 3 3
x 4 4
x 5 5
x 6 6
x 7 7
x 8 8
x 9 9
x 10 10
x 11 11
x 12 12
x 13 13
x 14 14
x 15 15
x 16 16
x 17 17
x 18 18
x 19 19
x 20 20
x 21 21
x 22 22
x 23 23
x 24 24
x 25 25
x 26 26
x 27 27
x 28 28
x 29 29
x 30 30
x 31 31
x 32 32
x 33 33
x 34 34
x 35 35
x 36 36
x 37 37
x 38 38
x 39 39
x 40 40
x 41 41
x 42 42
x 43 43
x 44 44
x 45 45
x 46 46
x 47 47
x 48 48
x 49 49
x 50 50
x 51 51
x 52 52
x 53 53
x 54 54
x 55 55
x 56 56
x 57 57
x 58 58
x 59 59
x 60 60
x 61 61
x 62 62
x 63 63
x 64 64
x 65 65
x 66 66
x 67 67
x 68 68
x 69 69
x 70 70
x 71 71
x 72 72
x 73 73
x 74 74
x 75 75
x 76 76
x 77 77
x 78 78
x 79 79
x 80 80
x 81 81
x 82 82
x 83 83
x 84 84
x 85 85
x 86 86
x 87 87
x 88 88
x 89 89
x 90 90
x 91 91
x 92 92
x 93 93
x 94 94
x 95 95
x 96 96
x 97 97
x 98 98
x 99 99
x 100 100
Case #17: 3 1
o 1 1
Case #18: 201 196
o 1 1
+ 1 2
+ 1 3
+ 1 5
+ 1 6
+ 1 7
+ 1 8
+ 1 9
+ 1 10
+ 1 11
+ 1 12
+ 1 13
+ 1 14
+ 1 15
+ 1 16
+ 1 17
+ 1 18
+ 1 19
+ 1 20
+ 1 21
+ 1 22
+ 1 23
+ 1 24
+ 1 25
+ 1 26
+ 1 27
+ 1 29
+ 1 30
+ 1 31
+ 1 32
+ 1 33
+ 1 34
+ 1 35
+ 1 36
+ 1 37
+ 1 38
+ 1 39
+ 1 40
+ 1 41
+ 1 42
+ 1 43
+ 1 44
+ 1 45
+ 1 46
+ 1 47
+ 1 48
+ 1 49
+ 1 50
+ 1 51
+ 1 52
+ 1 53
+ 1 54
+ 1 55
+ 1 56
+ 1 57
+ 1 58
+ 1 59
+ 1 60
+ 1 61
+ 1 62
+ 1 63
+ 1 64
+ 1 65
+ 1 66
+ 1 67
+ 1 68
+ 1 69
+ 1 70
+ 1 71
+ 1 72
+ 1 73
+ 1 74
+ 1 75
+ 1 76
+ 1 77
+ 1 78
+ 1 79
+ 1 80
+ 1 81
+ 1 82
+ 1 83
+ 1 84
+ 1 85
+ 1 86
+ 1 87
+ 1 88
+ 1 89
+ 1 90
+ 1 91
+ 1 92
+ 1 93
+ 1 95
+ 1 96
+ 1 97
+ 1 98
+ 1 99
+ 1 100
x 2 2
x 3 3
x 4 4
x 5 5
x 6 6
x 7 7
x 8 8
x 9 9
x 10 10
x 11 11
x 12 12
x 13 13
x 14 14
x 15 15
x 16 16
x 17 17
x 18 18
x 19 19
x 20 20
x 21 21
x 22 22
x 23 23
x 24 24
x 25 25
x 26 26
x 27 27
x 28 28
x 29 29
x 30 30
x 31 31
x 32 32
x 33 33
x 34 34
x 35 35
x 36 36
x 37 37
x 38 38
x 39 39
x 40 40
x 41 41
x 42 42
x 43 43
x 44 44
x 45 45
x 46 46
x 47 47
x 48 48
x 49 49
x 50 50
x 51 51
x 52 52
x 53 53
x 54 54
x 55 55
x 56 56
x 57 57
x 58 58
x 59 59
x 60 60
x 61 61
x 62 62
x 63 63
x 64 64
x 65 65
x 66 66
x 67 67
x 68 68
x 69 69
x 70 70
x 71 71
x 72 72
x 73 73
x 74 74
x 75 75
x 76 76
x 77 77
x 78 78
x 79 79
x 80 80
x 81 81
x 82 82
x 83 83
x 84 84
x 85 85
x 86 86
x 87 87
x 88 88
x 89 89
x 90 90
x 91 91
x 92 92
x 93 93
x 94 94
x 95 95
x 96 96
x 97 97
x 98 98
x 99 99
x 100 100
Case #19: 201 100
o 1 2
o 2 1
x 4 3
x 5 4
x 6 5
x 7 6
x 8 7
x 9 8
x 10 9
x 11 10
x 12 11
x 13 12
x 14 13
x 15 14
x 16 15
x 17 16
x 18 17
x 19 18
x 20 19
x 21 20
x 22 21
x 23 22
x 24 23
x 25 24
x 26 25
x 27 26
x 28 27
x 29 28
x 30 29
x 31 30
x 32 31
x 33 32
x 34 33
x 35 34
x 36 35
x 37 36
x 38 37
x 39 38
x 40 39
x 41 40
x 42 41
x 43 42
x 44 43
x 45 44
x 46 45
x 47 46
x 48 47
x 49 48
x 50 49
x 51 50
x 52 51
x 53 52
x 54 53
x 55 54
x 56 55
x 57 56
x 58 57
x 59 58
x 60 59
x 61 60
x 62 61
x 63 62
x 64 63
x 65 64
x 66 65
x 67 66
x 68 67
x 69 68
x 70 69
x 71 70
x 72 71
x 73 72
x 74 73
x 75 74
x 76 75
x 77 76
x 78 77
x 79 78
x 80 79
x 81 80
x 82 81
x 83 82
x 84 83
x 85 84
x 86 85
x 87 86
x 88 87
x 89 88
x 90 89
x 91 90
x 92 91
x 93 92
x 94 93
x 95 94
x 96 95
x 97 96
x 98 97
x 99 98
x 100 99
x 101 100
Case #20: 139 136
o 1 29
+ 1 1
+ 1 2
+ 1 3
+ 1 4
+ 1 5
+ 1 6
+ 1 7
+ 1 8
+ 1 9
+ 1 10
+ 1 11
+ 1 12
+ 1 13
+ 1 14
+ 1 15
+ 1 16
+ 1 17
+ 1 18
+ 1 19
+ 1 20
+ 1 21
+ 1 22
+ 1 23
+ 1 24
+ 1 25
+ 1 26
+ 1 27
+ 1 28
+ 1 30
+ 1 31
+ 1 32
+ 1 33
+ 1 34
+ 1 35
+ 1 36
+ 1 38
+ 1 39
+ 1 40
+ 1 41
+ 1 42
+ 1 43
+ 1 44
+ 1 45
+ 1 46
+ 1 47
+ 1 48
+ 1 49
+ 1 50
+ 1 51
+ 1 52
+ 1 53
+ 1 54
+ 1 55
+ 1 56
+ 1 57
+ 1 58
+ 1 59
+ 1 60
+ 1 61
+ 1 62
+ 1 63
+ 1 64
+ 1 65
+ 1 66
+ 1 67
+ 1 68
+ 1 69
o 2 1
x 3 2
x 4 3
x 5 4
x 6 5
x 7 6
x 8 7
x 9 8
x 10 9
x 11 10
x 12 11
x 13 12
x 14 13
x 15 14
x 16 15
x 17 16
x 18 17
x 19 18
x 20 19
x 21 20
x 22 21
x 23 22
x 24 23
x 25 24
x 26 25
x 27 26
x 28 27
x 29 28
x 31 30
x 32 31
x 33 32
x 34 33
x 35 34
x 36 35
x 37 36
x 38 37
x 39 38
x 40 39
x 41 40
x 42 41
x 43 42
x 44 43
x 45 44
x 46 45
x 47 46
x 48 47
x 49 48
x 50 49
x 51 50
x 52 51
x 53 52
x 54 53
x 55 54
x 56 55
x 57 56
x 58 57
x 59 58
x 60 59
x 61 60
x 62 61
x 63 62
x 64 63
x 65 64
x 66 65
x 67 66
x 68 67
x 69 68
x 70 69
Case #21: 201 199
o 1 1
+ 1 2
+ 1 3
+ 1 4
+ 1 5
+ 1 6
+ 1 7
+ 1 8
+ 1 9
+ 1 10
+ 1 11
+ 1 12
+ 1 13
+ 1 14
+ 1 15
+ 1 16
+ 1 17
+ 1 18
+ 1 19
+ 1 20
+ 1 21
+ 1 22
+ 1 23
+ 1 24
+ 1 25
+ 1 26
+ 1 27
+ 1 28
+ 1 29
+ 1 30
+ 1 31
+ 1 32
+ 1 33
+ 1 34
+ 1 35
+ 1 36
+ 1 37
+ 1 38
+ 1 39
+ 1 40
+ 1 41
+ 1 42
+ 1 43
+ 1 44
+ 1 45
+ 1 46
+ 1 47
+ 1 48
+ 1 49
+ 1 50
+ 1 51
+ 1 52
+ 1 53
+ 1 54
+ 1 55
+ 1 56
+ 1 57
+ 1 58
+ 1 59
+ 1 60
+ 1 61
+ 1 62
+ 1 63
+ 1 64
+ 1 65
+ 1 66
+ 1 67
+ 1 68
+ 1 69
+ 1 70
+ 1 71
+ 1 72
+ 1 73
+ 1 74
+ 1 75
+ 1 76
+ 1 77
+ 1 78
+ 1 79
+ 1 80
+ 1 81
+ 1 82
+ 1 83
+ 1 84
+ 1 85
+ 1 86
+ 1 87
+ 1 88
+ 1 89
+ 1 90
+ 1 91
+ 1 92
+ 1 93
+ 1 94
+ 1 95
+ 1 96
+ 1 97
+ 1 98
+ 1 99
+ 1 100
x 2 2
x 3 3
x 4 4
x 5 5
x 6 6
x 7 7
x 8 8
x 9 9
x 10 10
x 11 11
x 12 12
x 13 13
x 14 14
x 15 15
x 16 16
x 17 17
x 18 18
x 19 19
x 20 20
x 21 21
x 22 22
x 23 23
x 24 24
x 25 25
x 26 26
x 27 27
x 28 28
x 29 29
x 30 30
x 31 31
x 32 32
x 33 33
x 34 34
x 35 35
x 36 36
x 37 37
x 38 38
x 39 39
x 40 40
x 41 41
x 42 42
x 43 43
x 44 44
x 45 45
x 46 46
x 47 47
x 48 48
x 49 49
x 50 50
x 51 51
x 52 52
x 53 53
x 54 54
x 55 55
x 56 56
x 57 57
x 58 58
x 59 59
x 60 60
x 61 61
x 62 62
x 63 63
x 64 64
x 65 65
x 66 66
x 67 67
x 68 68
x 69 69
x 70 70
x 71 71
x 72 72
x 73 73
x 74 74
x 75 75
x 76 76
x 77 77
x 78 78
x 79 79
x 80 80
x 81 81
x 82 82
x 83 83
x 84 84
x 85 85
x 86 86
x 87 87
x 88 88
x 89 89
x 90 90
x 91 91
x 92 92
x 93 93
x 94 94
x 95 95
x 96 96
x 97 97
x 98 98
x 99 99
x 100 100
Case #22: 153 151
o 1 49
+ 1 1
+ 1 2
+ 1 3
+ 1 4
+ 1 5
+ 1 6
+ 1 7
+ 1 8
+ 1 9
+ 1 10
+ 1 11
+ 1 12
+ 1 13
+ 1 14
+ 1 15
+ 1 16
+ 1 17
+ 1 18
+ 1 19
+ 1 20
+ 1 21
+ 1 22
+ 1 23
+ 1 24
+ 1 25
+ 1 26
+ 1 27
+ 1 28
+ 1 29
+ 1 30
+ 1 31
+ 1 32
+ 1 33
+ 1 34
+ 1 35
+ 1 36
+ 1 37
+ 1 38
+ 1 39
+ 1 40
+ 1 41
+ 1 42
+ 1 43
+ 1 44
+ 1 45
+ 1 46
+ 1 47
+ 1 48
+ 1 50
+ 1 51
+ 1 52
+ 1 53
+ 1 54
+ 1 55
+ 1 56
+ 1 57
+ 1 58
+ 1 59
+ 1 60
+ 1 61
+ 1 62
+ 1 63
+ 1 64
+ 1 65
+ 1 66
+ 1 67
+ 1 68
+ 1 69
+ 1 70
+ 1 71
+ 1 72
+ 1 73
+ 1 74
+ 1 75
+ 1 76
o 2 1
x 3 2
x 4 3
x 5 4
x 6 5
x 7 6
x 8 7
x 9 8
x 10 9
x 11 10
x 12 11
x 13 12
x 14 13
x 15 14
x 16 15
x 17 16
x 18 17
x 19 18
x 20 19
x 21 20
x 22 21
x 23 22
x 24 23
x 25 24
x 26 25
x 27 26
x 28 27
x 29 28
x 30 29
x 31 30
x 32 31
x 33 32
x 34 33
x 35 34
x 36 35
x 37 36
x 38 37
x 39 38
x 40 39
x 41 40
x 42 41
x 43 42
x 44 43
x 45 44
x 46 45
x 47 46
x 48 47
x 49 48
x 51 50
x 52 51
x 53 52
x 54 53
x 55 54
x 56 55
x 57 56
x 58 57
x 59 58
x 60 59
x 61 60
x 62 61
x 63 62
x 64 63
x 65 64
x 66 65
x 67 66
x 68 67
x 69 68
x 70 69
x 71 70
x 72 71
x 73 72
x 74 73
x 75 74
x 76 75
x 77 76
Case #23: 2 1
o 1 1
Case #24: 7 3
+ 1 2
o 2 1
x 3 2
Case #25: 201 99
o 2 1
x 3 2
x 4 3
x 5 4
x 6 5
x 7 6
x 8 7
x 9 8
x 10 9
x 11 10
x 12 11
x 13 12
x 14 13
x 15 14
x 16 15
x 17 16
x 18 17
x 19 18
x 20 19
x 21 20
x 22 21
x 24 23
x 25 24
x 26 25
x 27 26
x 28 27
x 29 28
x 30 29
x 31 30
x 32 31
x 33 32
x 34 33
x 35 34
x 36 35
x 37 36
x 38 37
x 39 38
x 40 39
x 41 40
x 42 41
x 43 42
x 44 43
x 45 44
x 46 45
x 47 46
x 48 47
x 49 48
x 50 49
x 51 50
x 52 51
x 53 52
x 54 53
x 55 54
x 56 55
x 57 56
x 58 57
x 59 58
x 60 59
x 61 60
x 62 61
x 63 62
x 64 63
x 65 64
x 66 65
x 67 66
x 68 67
x 69 68
x 70 69
x 71 70
x 72 71
x 73 72
x 74 73
x 75 74
x 76 75
x 77 76
x 78 77
x 79 78
x 80 79
x 81 80
x 82 81
x 83 82
x 84 83
x 85 84
x 86 85
x 87 86
x 88 87
x 89 88
x 90 89
x 91 90
x 92 91
x 93 92
x 94 93
x 95 94
x 96 95
x 97 96
x 98 97
x 99 98
x 100 99
x 101 100
Case #26: 97 93
+ 1 1
+ 1 3
+ 1 4
+ 1 5
+ 1 6
+ 1 7
+ 1 8
+ 1 9
+ 1 10
+ 1 11
+ 1 12
+ 1 13
+ 1 14
+ 1 15
+ 1 16
+ 1 17
+ 1 18
+ 1 19
+ 1 20
+ 1 21
+ 1 22
+ 1 23
+ 1 24
+ 1 25
+ 1 26
+ 1 27
+ 1 28
+ 1 29
+ 1 30
+ 1 31
+ 1 32
+ 1 33
+ 1 34
+ 1 35
+ 1 36
+ 1 37
+ 1 38
+ 1 39
+ 1 40
+ 1 41
+ 1 43
+ 1 44
+ 1 45
+ 1 46
+ 1 47
+ 1 48
o 2 1
x 3 2
x 4 3
x 5 4
x 6 5
x 7 6
x 8 7
x 9 8
x 10 9
x 11 10
x 12 11
x 13 12
x 14 13
x 15 14
x 16 15
x 17 16
x 18 17
x 19 18
x 20 19
x 21 20
x 22 21
x 23 22
x 24 23
x 25 24
x 26 25
x 27 26
x 28 27
x 29 28
x 30 29
x 31 30
x 32 31
x 33 32
x 34 33
x 35 34
x 36 35
x 37 36
x 38 37
x 39 38
x 40 39
x 41 40
x 42 41
x 44 43
x 45 44
x 46 45
x 47 46
x 48 47
x 49 48
Case #27: 201 198
o 1 1
+ 1 2
+ 1 3
+ 1 4
+ 1 5
+ 1 6
+ 1 7
+ 1 8
+ 1 9
+ 1 10
+ 1 11
+ 1 12
+ 1 13
+ 1 14
+ 1 15
+ 1 16
+ 1 18
+ 1 19
+ 1 20
+ 1 21
+ 1 22
+ 1 23
+ 1 24
+ 1 25
+ 1 26
+ 1 27
+ 1 28
+ 1 29
+ 1 30
+ 1 31
+ 1 32
+ 1 33
+ 1 34
+ 1 35
+ 1 36
+ 1 37
+ 1 38
+ 1 39
+ 1 40
+ 1 41
+ 1 42
+ 1 43
+ 1 44
+ 1 45
+ 1 46
+ 1 47
+ 1 48
+ 1 49
+ 1 50
+ 1 51
+ 1 52
+ 1 53
+ 1 54
+ 1 55
+ 1 56
+ 1 57
+ 1 58
+ 1 59
+ 1 60
+ 1 61
+ 1 62
+ 1 63
+ 1 64
+ 1 65
+ 1 66
+ 1 67
+ 1 68
+ 1 69
+ 1 70
+ 1 71
+ 1 72
+ 1 73
+ 1 74
+ 1 75
+ 1 76
+ 1 77
+ 1 78
+ 1 79
+ 1 80
+ 1 81
+ 1 82
+ 1 83
+ 1 84
+ 1 85
+ 1 86
+ 1 87
+ 1 88
+ 1 89
+ 1 90
+ 1 91
+ 1 92
+ 1 93
+ 1 94
+ 1 95
+ 1 96
+ 1 97
+ 1 98
+ 1 99
+ 1 100
x 2 2
x 3 3
x 4 4
x 5 5
x 6 6
x 7 7
x 8 8
x 9 9
x 10 10
x 11 11
x 12 12
x 13 13
x 14 14
x 15 15
x 16 16
x 17 17
x 18 18
x 19 19
x 20 20
x 21 21
x 22 22
x 23 23
x 24 24
x 25 25
x 26 26
x 27 27
x 28 28
x 29 29
x 30 30
x 31 31
x 32 32
x 33 33
x 34 34
x 35 35
x 36 36
x 37 37
x 38 38
x 39 39
x 40 40
x 41 41
x 42 42
x 43 43
x 44 44
x 45 45
x 46 46
x 47 47
x 48 48
x 49 49
x 50 50
x 51 51
x 52 52
x 53 53
x 54 54
x 55 55
x 56 56
x 57 57
x 58 58
x 59 59
x 60 60
x 61 61
x 62 62
x 63 63
x 64 64
x 65 65
x 66 66
x 67 67
x 68 68
x 69 69
x 70 70
x 71 71
x 72 72
x 73 73
x 74 74
x 75 75
x 76 76
x 77 77
x 78 78
x 79 79
x 80 80
x 81 81
x 82 82
x 83 83
x 84 84
x 85 85
x 86 86
x 87 87
x 88 88
x 89 89
x 90 90
x 91 91
x 92 92
x 93 93
x 94 94
x 95 95
x 96 96
x 97 97
x 98 98
x 99 99
x 100 100
Case #28: 129 126
+ 1 1
+ 1 2
+ 1 3
+ 1 4
+ 1 5
+ 1 6
+ 1 7
+ 1 8
+ 1 9
+ 1 10
+ 1 11
+ 1 12
+ 1 13
+ 1 14
+ 1 15
+ 1 16
+ 1 17
+ 1 18
+ 1 19
+ 1 20
+ 1 21
+ 1 22
+ 1 23
+ 1 24
+ 1 26
+ 1 27
+ 1 28
+ 1 29
+ 1 30
+ 1 31
+ 1 32
+ 1 33
+ 1 34
+ 1 35
+ 1 36
+ 1 37
+ 1 38
+ 1 39
+ 1 40
+ 1 41
+ 1 42
+ 1 43
+ 1 44
+ 1 45
+ 1 46
+ 1 47
+ 1 48
+ 1 49
+ 1 50
+ 1 51
+ 1 52
+ 1 53
+ 1 54
+ 1 55
+ 1 56
+ 1 57
+ 1 58
+ 1 59
+ 1 60
+ 1 61
+ 1 62
+ 1 63
+ 1 64
o 2 1
x 3 2
x 4 3
x 5 4
x 6 5
x 7 6
x 8 7
x 9 8
x 10 9
x 11 10
x 12 11
x 13 12
x 14 13
x 15 14
x 16 15
x 17 16
x 18 17
x 19 18
x 20 19
x 21 20
x 22 21
x 23 22
x 24 23
x 25 24
x 27 26
x 28 27
x 29 28
x 30 29
x 31 30
x 32 31
x 33 32
x 34 33
x 35 34
x 36 35
x 37 36
x 38 37
x 39 38
x 40 39
x 41 40
x 42 41
x 43 42
x 44 43
x 45 44
x 46 45
x 47 46
x 48 47
x 49 48
x 50 49
x 51 50
x 52 51
x 53 52
x 54 53
x 55 54
x 56 55
x 57 56
x 58 57
x 59 58
x 60 59
x 61 60
x 62 61
x 63 62
x 64 63
x 65 64
Case #29: 19 14
+ 1 1
+ 1 3
+ 1 4
+ 1 6
+ 1 7
+ 1 8
o 2 1
x 4 3
x 5 4
x 6 5
x 7 6
x 8 7
x 9 8
x 10 9
Case #30: 121 115
+ 1 1
+ 1 2
+ 1 3
+ 1 4
+ 1 5
+ 1 6
+ 1 7
+ 1 8
+ 1 9
+ 1 10
+ 1 11
+ 1 12
+ 1 13
+ 1 14
+ 1 15
+ 1 16
+ 1 17
+ 1 18
+ 1 19
+ 1 20
+ 1 21
+ 1 22
+ 1 23
+ 1 24
+ 1 25
+ 1 26
+ 1 27
+ 1 28
+ 1 29
+ 1 32
+ 1 33
+ 1 34
+ 1 36
+ 1 37
+ 1 38
+ 1 39
+ 1 40
+ 1 41
+ 1 42
+ 1 43
+ 1 44
+ 1 45
+ 1 46
+ 1 48
+ 1 49
+ 1 50
+ 1 51
+ 1 52
+ 1 53
+ 1 54
+ 1 55
+ 1 56
+ 1 57
+ 1 58
+ 1 59
+ 1 60
o 2 1
x 3 2
x 4 3
x 5 4
x 6 5
x 7 6
x 8 7
x 9 8
x 10 9
x 11 10
x 12 11
x 13 12
x 14 13
x 15 14
x 16 15
x 17 16
x 18 17
x 19 18
x 20 19
x 21 20
x 22 21
x 23 22
x 24 23
x 25 24
x 26 25
x 27 26
x 28 27
x 29 28
x 30 29
x 32 31
x 33 32
x 34 33
x 35 34
x 36 35
x 37 36
x 38 37
x 39 38
x 40 39
x 41 40
x 42 41
x 43 42
x 44 43
x 45 44
x 46 45
x 47 46
x 48 47
x 49 48
x 50 49
x 51 50
x 52 51
x 53 52
x 54 53
x 55 54
x 56 55
x 57 56
x 58 57
x 59 58
x 60 59
x 61 60
Case #31: 201 198
o 1 1
+ 1 2
+ 1 3
+ 1 4
+ 1 5
+ 1 6
+ 1 7
+ 1 8
+ 1 9
+ 1 10
+ 1 12
+ 1 13
+ 1 14
+ 1 15
+ 1 16
+ 1 17
+ 1 18
+ 1 19
+ 1 20
+ 1 21
+ 1 22
+ 1 23
+ 1 24
+ 1 25
+ 1 26
+ 1 27
+ 1 28
+ 1 29
+ 1 30
+ 1 31
+ 1 32
+ 1 33
+ 1 34
+ 1 35
+ 1 36
+ 1 37
+ 1 38
+ 1 39
+ 1 40
+ 1 41
+ 1 42
+ 1 43
+ 1 44
+ 1 45
+ 1 46
+ 1 47
+ 1 48
+ 1 49
+ 1 50
+ 1 51
+ 1 52
+ 1 53
+ 1 54
+ 1 55
+ 1 56
+ 1 57
+ 1 58
+ 1 59
+ 1 60
+ 1 61
+ 1 62
+ 1 63
+ 1 64
+ 1 65
+ 1 66
+ 1 67
+ 1 68
+ 1 69
+ 1 70
+ 1 71
+ 1 72
+ 1 73
+ 1 74
+ 1 75
+ 1 76
+ 1 77
+ 1 78
+ 1 79
+ 1 80
+ 1 81
+ 1 82
+ 1 83
+ 1 84
+ 1 85
+ 1 86
+ 1 87
+ 1 88
+ 1 89
+ 1 90
+ 1 91
+ 1 92
+ 1 93
+ 1 94
+ 1 95
+ 1 96
+ 1 97
+ 1 98
+ 1 99
+ 1 100
x 2 2
x 3 3
x 4 4
x 5 5
x 6 6
x 7 7
x 8 8
x 9 9
x 10 10
x 11 11
x 12 12
x 13 13
x 14 14
x 15 15
x 16 16
x 17 17
x 18 18
x 19 19
x 20 20
x 21 21
x 22 22
x 23 23
x 24 24
x 25 25
x 26 26
x 27 27
x 28 28
x 29 29
x 30 30
x 31 31
x 32 32
x 33 33
x 34 34
x 35 35
x 36 36
x 37 37
x 38 38
x 39 39
x 40 40
x 41 41
x 42 42
x 43 43
x 44 44
x 45 45
x 46 46
x 47 47
x 48 48
x 49 49
x 50 50
x 51 51
x 52 52
x 53 53
x 54 54
x 55 55
x 56 56
x 57 57
x 58 58
x 59 59
x 60 60
x 61 61
x 62 62
x 63 63
x 64 64
x 65 65
x 66 66
x 67 67
x 68 68
x 69 69
x 70 70
x 71 71
x 72 72
x 73 73
x 74 74
x 75 75
x 76 76
x 77 77
x 78 78
x 79 79
x 80 80
x 81 81
x 82 82
x 83 83
x 84 84
x 85 85
x 86 86
x 87 87
x 88 88
x 89 89
x 90 90
x 91 91
x 92 92
x 93 93
x 94 94
x 95 95
x 96 96
x 97 97
x 98 98
x 99 99
x 100 100
Case #32: 201 197
o 1 44
+ 1 2
+ 1 3
+ 1 4
+ 1 5
+ 1 6
+ 1 7
+ 1 8
+ 1 9
+ 1 10
+ 1 12
+ 1 13
+ 1 14
+ 1 15
+ 1 16
+ 1 17
+ 1 18
+ 1 19
+ 1 20
+ 1 21
+ 1 22
+ 1 23
+ 1 24
+ 1 25
+ 1 26
+ 1 27
+ 1 28
+ 1 29
+ 1 30
+ 1 31
+ 1 32
+ 1 33
+ 1 34
+ 1 35
+ 1 36
+ 1 37
+ 1 38
+ 1 39
+ 1 40
+ 1 41
+ 1 42
+ 1 43
+ 1 45
+ 1 46
+ 1 47
+ 1 48
+ 1 49
+ 1 50
+ 1 51
+ 1 52
+ 1 53
+ 1 54
+ 1 55
+ 1 56
+ 1 57
+ 1 58
+ 1 59
+ 1 60
+ 1 61
+ 1 62
+ 1 63
+ 1 64
+ 1 65
+ 1 66
+ 1 67
+ 1 68
+ 1 69
+ 1 70
+ 1 71
+ 1 72
+ 1 73
+ 1 74
+ 1 75
+ 1 76
+ 1 77
+ 1 78
+ 1 79
+ 1 80
+ 1 81
+ 1 82
+ 1 83
+ 1 84
+ 1 85
+ 1 86
+ 1 87
+ 1 88
+ 1 89
+ 1 90
+ 1 91
+ 1 92
+ 1 93
+ 1 94
+ 1 95
+ 1 96
+ 1 97
+ 1 98
+ 1 99
+ 1 100
o 2 1
x 3 2
x 4 3
x 5 4
x 6 5
x 7 6
x 8 7
x 9 8
x 10 9
x 11 10
x 12 11
x 13 12
x 14 13
x 15 14
x 16 15
x 17 16
x 18 17
x 19 18
x 20 19
x 21 20
x 22 21
x 23 22
x 24 23
x 25 24
x 26 25
x 27 26
x 28 27
x 29 28
x 30 29
x 31 30
x 32 31
x 33 32
x 34 33
x 35 34
x 36 35
x 37 36
x 38 37
x 39 38
x 40 39
x 41 40
x 42 41
x 43 42
x 44 43
x 46 45
x 47 46
x 48 47
x 49 48
x 50 49
x 51 50
x 52 51
x 53 52
x 54 53
x 55 54
x 56 55
x 57 56
x 58 57
x 59 58
x 60 59
x 61 60
x 62 61
x 63 62
x 64 63
x 65 64
x 66 65
x 67 66
x 68 67
x 69 68
x 70 69
x 71 70
x 72 71
x 73 72
x 74 73
x 75 74
x 76 75
x 77 76
x 78 77
x 79 78
x 80 79
x 81 80
x 82 81
x 83 82
x 84 83
x 85 84
x 86 85
x 87 86
x 88 87
x 89 88
x 90 89
x 91 90
x 92 91
x 93 92
x 94 93
x 95 94
x 96 95
x 97 96
x 98 97
x 99 98
x 100 99
x 101 100
Case #33: 187 184
o 1 9
+ 1 1
+ 1 2
+ 1 3
+ 1 4
+ 1 5
+ 1 6
+ 1 7
+ 1 8
+ 1 10
+ 1 11
+ 1 12
+ 1 13
+ 1 14
+ 1 15
+ 1 16
+ 1 17
+ 1 18
+ 1 19
+ 1 20
+ 1 21
+ 1 22
+ 1 23
+ 1 24
+ 1 25
+ 1 26
+ 1 27
+ 1 28
+ 1 29
+ 1 30
+ 1 31
+ 1 32
+ 1 33
+ 1 34
+ 1 35
+ 1 36
+ 1 37
+ 1 38
+ 1 39
+ 1 40
+ 1 41
+ 1 42
+ 1 43
+ 1 44
+ 1 45
+ 1 46
+ 1 47
+ 1 48
+ 1 49
+ 1 50
+ 1 51
+ 1 52
+ 1 53
+ 1 54
+ 1 55
+ 1 56
+ 1 57
+ 1 58
+ 1 59
+ 1 60
+ 1 61
+ 1 62
+ 1 63
+ 1 64
+ 1 65
+ 1 66
+ 1 68
+ 1 69
+ 1 70
+ 1 71
+ 1 72
+ 1 73
+ 1 74
+ 1 75
+ 1 76
+ 1 77
+ 1 78
+ 1 79
+ 1 80
+ 1 81
+ 1 82
+ 1 83
+ 1 84
+ 1 85
+ 1 86
+ 1 87
+ 1 88
+ 1 89
+ 1 90
+ 1 91
+ 1 92
+ 1 93
o 2 1
x 3 2
x 4 3
x 5 4
x 6 5
x 7 6
x 8 7
x 9 8
x 11 10
x 12 11
x 13 12
x 14 13
x 15 14
x 16 15
x 17 16
x 18 17
x 19 18
x 20 19
x 21 20
x 22 21
x 23 22
x 24 23
x 25 24
x 26 25
x 27 26
x 28 27
x 29 28
x 30 29
x 31 30
x 32 31
x 33 32
x 34 33
x 35 34
x 36 35
x 37 36
x 38 37
x 39 38
x 40 39
x 41 40
x 42 41
x 43 42
x 44 43
x 45 44
x 46 45
x 47 46
x 48 47
x 49 48
x 50 49
x 51 50
x 52 51
x 53 52
x 54 53
x 55 54
x 56 55
x 57 56
x 58 57
x 59 58
x 60 59
x 61 60
x 62 61
x 63 62
x 64 63
x 65 64
x 66 65
x 67 66
x 68 67
x 69 68
x 70 69
x 71 70
x 72 71
x 73 72
x 74 73
x 75 74
x 76 75
x 77 76
x 78 77
x 79 78
x 80 79
x 81 80
x 82 81
x 83 82
x 84 83
x 85 84
x 86 85
x 87 86
x 88 87
x 89 88
x 90 89
x 91 90
x 92 91
x 93 92
x 94 93
Case #34: 201 100
o 1 1
x 2 2
x 3 3
x 4 4
x 5 5
x 6 6
x 7 7
x 8 8
x 9 9
x 10 10
x 11 11
x 12 12
x 13 13
x 14 14
x 15 15
x 16 16
x 17 17
x 18 18
x 19 19
x 20 20
x 21 21
x 22 22
x 23 23
x 24 24
x 25 25
x 26 26
x 27 27
x 28 28
x 29 29
x 30 30
x 31 31
x 32 32
x 33 33
x 34 34
x 35 35
x 36 36
x 37 37
x 38 38
x 39 39
x 40 40
x 41 41
x 42 42
x 43 43
x 44 44
x 45 45
x 46 46
x 47 47
x 48 48
x 49 49
x 50 50
x 51 51
x 52 52
x 53 53
x 54 54
x 55 55
x 56 56
x 57 57
x 58 58
x 59 59
x 60 60
x 61 61
x 62 62
x 63 63
x 64 64
x 65 65
x 66 66
x 67 67
x 68 68
x 69 69
x 70 70
x 71 71
x 72 72
x 73 73
x 74 74
x 75 75
x 76 76
x 77 77
x 78 78
x 79 79
x 80 80
x 81 81
x 82 82
x 83 83
x 84 84
x 85 85
x 86 86
x 87 87
x 88 88
x 89 89
x 90 90
x 91 91
x 92 92
x 93 93
x 94 94
x 95 95
x 96 96
x 97 97
x 98 98
x 99 99
x 100 100
Case #35: 57 54
o 1 6
+ 1 1
+ 1 2
+ 1 3
+ 1 4
+ 1 5
+ 1 7
+ 1 9
+ 1 10
+ 1 11
+ 1 12
+ 1 13
+ 1 14
+ 1 15
+ 1 16
+ 1 17
+ 1 18
+ 1 19
+ 1 20
+ 1 21
+ 1 22
+ 1 23
+ 1 24
+ 1 25
+ 1 26
+ 1 27
+ 1 28
o 2 1
x 3 2
x 4 3
x 5 4
x 6 5
x 8 7
x 9 8
x 10 9
x 11 10
x 12 11
x 13 12
x 14 13
x 15 14
x 16 15
x 17 16
x 18 17
x 19 18
x 20 19
x 21 20
x 22 21
x 23 22
x 24 23
x 25 24
x 26 25
x 27 26
x 28 27
x 29 28
Case #36: 201 195
o 1 1
+ 1 3
+ 1 4
+ 1 6
+ 1 7
+ 1 8
+ 1 9
+ 1 10
+ 1 11
+ 1 12
+ 1 14
+ 1 15
+ 1 16
+ 1 17
+ 1 18
+ 1 19
+ 1 20
+ 1 21
+ 1 22
+ 1 23
+ 1 24
+ 1 25
+ 1 26
+ 1 27
+ 1 28
+ 1 29
+ 1 30
+ 1 31
+ 1 32
+ 1 33
+ 1 35
+ 1 36
+ 1 37
+ 1 38
+ 1 39
+ 1 40
+ 1 41
+ 1 42
+ 1 43
+ 1 44
+ 1 45
+ 1 46
+ 1 47
+ 1 48
+ 1 49
+ 1 50
+ 1 51
+ 1 52
+ 1 53
+ 1 54
+ 1 55
+ 1 56
+ 1 57
+ 1 58
+ 1 59
+ 1 60
+ 1 61
+ 1 62
+ 1 63
+ 1 64
+ 1 65
+ 1 66
+ 1 67
+ 1 68
+ 1 69
+ 1 70
+ 1 71
+ 1 72
+ 1 73
+ 1 74
+ 1 75
+ 1 76
+ 1 77
+ 1 78
+ 1 79
+ 1 80
+ 1 81
+ 1 82
+ 1 83
+ 1 84
+ 1 85
+ 1 86
+ 1 87
+ 1 88
+ 1 89
+ 1 90
+ 1 91
+ 1 92
+ 1 93
+ 1 94
+ 1 95
+ 1 96
+ 1 97
+ 1 98
+ 1 99
+ 1 100
x 2 2
x 3 3
x 4 4
x 5 5
x 6 6
x 7 7
x 8 8
x 9 9
x 10 10
x 11 11
x 12 12
x 13 13
x 14 14
x 15 15
x 16 16
x 17 17
x 18 18
x 19 19
x 20 20
x 21 21
x 22 22
x 23 23
x 24 24
x 25 25
x 26 26
x 27 27
x 28 28
x 29 29
x 30 30
x 31 31
x 32 32
x 33 33
x 34 34
x 35 35
x 36 36
x 37 37
x 38 38
x 39 39
x 40 40
x 41 41
x 42 42
x 43 43
x 44 44
x 45 45
x 46 46
x 47 47
x 48 48
x 49 49
x 50 50
x 51 51
x 52 52
x 53 53
x 54 54
x 55 55
x 56 56
x 57 57
x 58 58
x 59 59
x 60 60
x 61 61
x 62 62
x 63 63
x 64 64
x 65 65
x 66 66
x 67 67
x 68 68
x 69 69
x 70 70
x 71 71
x 72 72
x 73 73
x 74 74
x 75 75
x 76 76
x 77 77
x 78 78
x 79 79
x 80 80
x 81 81
x 82 82
x 83 83
x 84 84
x 85 85
x 86 86
x 87 87
x 88 88
x 89 89
x 90 90
x 91 91
x 92 92
x 93 93
x 94 94
x 95 95
x 96 96
x 97 97
x 98 98
x 99 99
x 100 100
Case #37: 201 194
o 1 1
+ 1 2
+ 1 3
+ 1 4
+ 1 5
+ 1 6
+ 1 7
+ 1 8
+ 1 10
+ 1 11
+ 1 12
+ 1 13
+ 1 15
+ 1 16
+ 1 18
+ 1 19
+ 1 20
+ 1 21
+ 1 22
+ 1 23
+ 1 24
+ 1 25
+ 1 27
+ 1 28
+ 1 29
+ 1 30
+ 1 31
+ 1 32
+ 1 33
+ 1 34
+ 1 35
+ 1 36
+ 1 37
+ 1 38
+ 1 39
+ 1 40
+ 1 41
+ 1 42
+ 1 43
+ 1 44
+ 1 45
+ 1 46
+ 1 47
+ 1 48
+ 1 50
+ 1 51
+ 1 52
+ 1 53
+ 1 54
+ 1 55
+ 1 56
+ 1 57
+ 1 58
+ 1 59
+ 1 60
+ 1 61
+ 1 62
+ 1 63
+ 1 64
+ 1 65
+ 1 66
+ 1 67
+ 1 68
+ 1 69
+ 1 70
+ 1 71
+ 1 72
+ 1 73
+ 1 74
+ 1 75
+ 1 76
+ 1 77
+ 1 78
+ 1 79
+ 1 80
+ 1 81
+ 1 82
+ 1 83
+ 1 84
+ 1 85
+ 1 86
+ 1 87
+ 1 88
+ 1 89
+ 1 90
+ 1 91
+ 1 92
+ 1 93
+ 1 94
+ 1 95
+ 1 96
+ 1 97
+ 1 98
+ 1 99
+ 1 100
x 2 2
x 3 3
x 4 4
x 5 5
x 6 6
x 7 7
x 8 8
x 9 9
x 10 10
x 11 11
x 12 12
x 13 13
x 14 14
x 15 15
x 16 16
x 17 17
x 18 18
x 19 19
x 20 20
x 21 21
x 22 22
x 23 23
x 24 24
x 25 25
x 26 26
x 27 27
x 28 28
x 29 29
x 30 30
x 31 31
x 32 32
x 33 33
x 34 34
x 35 35
x 36 36
x 37 37
x 38 38
x 39 39
x 40 40
x 41 41
x 42 42
x 43 43
x 44 44
x 45 45
x 46 46
x 47 47
x 48 48
x 49 49
x 50 50
x 51 51
x 52 52
x 53 53
x 54 54
x 55 55
x 56 56
x 57 57
x 58 58
x 59 59
x 60 60
x 61 61
x 62 62
x 63 63
x 64 64
x 65 65
x 66 66
x 67 67
x 68 68
x 69 69
x 70 70
x 71 71
x 72 72
x 73 73
x 74 74
x 75 75
x 76 76
x 77 77
x 78 78
x 79 79
x 80 80
x 81 81
x 82 82
x 83 83
x 84 84
x 85 85
x 86 86
x 87 87
x 88 88
x 89 89
x 90 90
x 91 91
x 92 92
x 93 93
x 94 94
x 95 95
x 96 96
x 97 97
x 98 98
x 99 99
x 100 100
Case #38: 201 197
o 1 1
+ 1 2
+ 1 3
+ 1 4
+ 1 5
+ 1 6
+ 1 8
+ 1 9
+ 1 10
+ 1 11
+ 1 12
+ 1 13
+ 1 14
+ 1 15
+ 1 16
+ 1 17
+ 1 18
+ 1 19
+ 1 20
+ 1 21
+ 1 22
+ 1 23
+ 1 24
+ 1 25
+ 1 26
+ 1 27
+ 1 28
+ 1 29
+ 1 30
+ 1 31
+ 1 32
+ 1 33
+ 1 34
+ 1 35
+ 1 36
+ 1 37
+ 1 38
+ 1 39
+ 1 40
+ 1 41
+ 1 42
+ 1 43
+ 1 44
+ 1 45
+ 1 46
+ 1 47
+ 1 48
+ 1 49
+ 1 50
+ 1 51
+ 1 52
+ 1 53
+ 1 54
+ 1 55
+ 1 56
+ 1 57
+ 1 58
+ 1 59
+ 1 60
+ 1 62
+ 1 63
+ 1 64
+ 1 65
+ 1 66
+ 1 67
+ 1 68
+ 1 69
+ 1 70
+ 1 71
+ 1 72
+ 1 73
+ 1 74
+ 1 75
+ 1 76
+ 1 77
+ 1 78
+ 1 79
+ 1 80
+ 1 81
+ 1 82
+ 1 83
+ 1 84
+ 1 85
+ 1 86
+ 1 87
+ 1 88
+ 1 89
+ 1 90
+ 1 91
+ 1 92
+ 1 93
+ 1 94
+ 1 95
+ 1 96
+ 1 97
+ 1 98
+ 1 99
+ 1 100
x 2 2
x 3 3
x 4 4
x 5 5
x 6 6
x 7 7
x 8 8
x 9 9
x 10 10
x 11 11
x 12 12
x 13 13
x 14 14
x 15 15
x 16 16
x 17 17
x 18 18
x 19 19
x 20 20
x 21 21
x 22 22
x 23 23
x 24 24
x 25 25
x 26 26
x 27 27
x 28 28
x 29 29
x 30 30
x 31 31
x 32 32
x 33 33
x 34 34
x 35 35
x 36 36
x 37 37
x 38 38
x 39 39
x 40 40
x 41 41
x 42 42
x 43 43
x 44 44
x 45 45
x 46 46
x 47 47
x 48 48
x 49 49
x 50 50
x 51 51
x 52 52
x 53 53
x 54 54
x 55 55
x 56 56
x 57 57
x 58 58
x 59 59
x 60 60
x 61 61
x 62 62
x 63 63
x 64 64
x 65 65
x 66 66
x 67 67
x 68 68
x 69 69
x 70 70
x 71 71
x 72 72
x 73 73
x 74 74
x 75 75
x 76 76
x 77 77
x 78 78
x 79 79
x 80 80
x 81 81
x 82 82
x 83 83
x 84 84
x 85 85
x 86 86
x 87 87
x 88 88
x 89 89
x 90 90
x 91 91
x 92 92
x 93 93
x 94 94
x 95 95
x 96 96
x 97 97
x 98 98
x 99 99
x 100 100
Case #39: 7 4
+ 1 1
+ 1 3
o 2 1
x 4 3
Case #40: 131 127
+ 1 1
+ 1 2
+ 1 3
+ 1 4
+ 1 5
+ 1 6
+ 1 7
+ 1 8
+ 1 9
+ 1 10
+ 1 11
+ 1 12
+ 1 13
+ 1 14
+ 1 15
+ 1 16
+ 1 17
+ 1 18
+ 1 19
+ 1 20
+ 1 21
+ 1 22
+ 1 23
+ 1 24
+ 1 25
+ 1 26
+ 1 27
+ 1 29
+ 1 30
+ 1 31
+ 1 32
+ 1 34
+ 1 35
+ 1 36
+ 1 37
+ 1 38
+ 1 39
+ 1 40
+ 1 41
+ 1 42
+ 1 43
+ 1 44
+ 1 45
+ 1 46
+ 1 47
+ 1 48
+ 1 49
+ 1 50
+ 1 51
+ 1 52
+ 1 53
+ 1 54
+ 1 55
+ 1 56
+ 1 57
+ 1 58
+ 1 59
+ 1 60
+ 1 61
+ 1 62
+ 1 63
+ 1 64
+ 1 65
o 2 1
x 3 2
x 4 3
x 5 4
x 6 5
x 7 6
x 8 7
x 9 8
x 10 9
x 11 10
x 12 11
x 13 12
x 14 13
x 15 14
x 16 15
x 17 16
x 18 17
x 19 18
x 20 19
x 21 20
x 22 21
x 23 22
x 24 23
x 25 24
x 26 25
x 27 26
x 28 27
x 29 28
x 30 29
x 31 30
x 32 31
x 33 32
x 35 34
x 36 35
x 37 36
x 38 37
x 39 38
x 40 39
x 41 40
x 42 41
x 43 42
x 44 43
x 45 44
x 46 45
x 47 46
x 48 47
x 49 48
x 50 49
x 51 50
x 52 51
x 53 52
x 54 53
x 55 54
x 56 55
x 57 56
x 58 57
x 59 58
x 60 59
x 61 60
x 62 61
x 63 62
x 64 63
x 65 64
x 66 65
Case #41: 5 2
o 1 1
x 2 2
Case #42: 201 194
o 1 1
+ 1 2
+ 1 4
+ 1 5
+ 1 6
+ 1 7
+ 1 8
+ 1 11
+ 1 12
+ 1 15
+ 1 16
+ 1 17
+ 1 18
+ 1 19
+ 1 20
+ 1 21
+ 1 22
+ 1 23
+ 1 24
+ 1 25
+ 1 26
+ 1 27
+ 1 28
+ 1 29
+ 1 30
+ 1 31
+ 1 32
+ 1 33
+ 1 34
+ 1 35
+ 1 36
+ 1 37
+ 1 38
+ 1 39
+ 1 40
+ 1 41
+ 1 42
+ 1 43
+ 1 44
+ 1 45
+ 1 46
+ 1 47
+ 1 48
+ 1 49
+ 1 50
+ 1 51
+ 1 52
+ 1 53
+ 1 54
+ 1 55
+ 1 56
+ 1 57
+ 1 58
+ 1 59
+ 1 60
+ 1 61
+ 1 62
+ 1 63
+ 1 64
+ 1 65
+ 1 66
+ 1 67
+ 1 68
+ 1 69
+ 1 70
+ 1 71
+ 1 72
+ 1 73
+ 1 74
+ 1 75
+ 1 76
+ 1 77
+ 1 78
+ 1 79
+ 1 80
+ 1 81
+ 1 82
+ 1 83
+ 1 84
+ 1 85
+ 1 86
+ 1 87
+ 1 88
+ 1 89
+ 1 90
+ 1 91
+ 1 92
+ 1 93
+ 1 94
+ 1 95
+ 1 96
+ 1 97
+ 1 98
+ 1 99
+ 1 100
x 2 2
x 3 3
x 4 4
x 5 5
x 6 6
x 7 7
x 8 8
x 9 9
x 10 10
x 11 11
x 12 12
x 13 13
x 14 14
x 15 15
x 16 16
x 17 17
x 18 18
x 19 19
x 20 20
x 21 21
x 22 22
x 23 23
x 24 24
x 25 25
x 26 26
x 27 27
x 28 28
x 29 29
x 30 30
x 31 31
x 32 32
x 33 33
x 34 34
x 35 35
x 36 36
x 37 37
x 38 38
x 39 39
x 40 40
x 41 41
x 42 42
x 43 43
x 44 44
x 45 45
x 46 46
x 47 47
x 48 48
x 49 49
x 50 50
x 51 51
x 52 52
x 53 53
x 54 54
x 55 55
x 56 56
x 57 57
x 58 58
x 59 59
x 60 60
x 61 61
x 62 62
x 63 63
x 64 64
x 65 65
x 66 66
x 67 67
x 68 68
x 69 69
x 70 70
x 71 71
x 72 72
x 73 73
x 74 74
x 75 75
x 76 76
x 77 77
x 78 78
x 79 79
x 80 80
x 81 81
x 82 82
x 83 83
x 84 84
x 85 85
x 86 86
x 87 87
x 88 88
x 89 89
x 90 90
x 91 91
x 92 92
x 93 93
x 94 94
x 95 95
x 96 96
x 97 97
x 98 98
x 99 99
x 100 100
Case #43: 167 161
+ 1 1
+ 1 3
+ 1 4
+ 1 5
+ 1 7
+ 1 8
+ 1 9
+ 1 10
+ 1 11
+ 1 12
+ 1 13
+ 1 14
+ 1 15
+ 1 16
+ 1 17
+ 1 18
+ 1 19
+ 1 20
+ 1 21
+ 1 22
+ 1 23
+ 1 24
+ 1 25
+ 1 26
+ 1 27
+ 1 28
+ 1 29
+ 1 30
+ 1 31
+ 1 33
+ 1 34
+ 1 35
+ 1 36
+ 1 37
+ 1 38
+ 1 39
+ 1 40
+ 1 41
+ 1 42
+ 1 43
+ 1 44
+ 1 45
+ 1 46
+ 1 47
+ 1 48
+ 1 49
+ 1 50
+ 1 51
+ 1 52
+ 1 53
+ 1 54
+ 1 55
+ 1 57
+ 1 58
+ 1 59
+ 1 60
+ 1 61
+ 1 62
+ 1 63
+ 1 64
+ 1 65
+ 1 66
+ 1 67
+ 1 68
+ 1 69
+ 1 70
+ 1 71
+ 1 72
+ 1 73
+ 1 74
+ 1 75
+ 1 76
+ 1 77
+ 1 78
+ 1 79
+ 1 80
+ 1 81
+ 1 82
+ 1 83
o 2 1
x 3 2
x 4 3
x 5 4
x 6 5
x 7 6
x 8 7
x 9 8
x 10 9
x 11 10
x 12 11
x 13 12
x 14 13
x 15 14
x 16 15
x 17 16
x 18 17
x 19 18
x 20 19
x 21 20
x 22 21
x 23 22
x 24 23
x 25 24
x 26 25
x 27 26
x 28 27
x 29 28
x 30 29
x 31 30
x 32 31
x 33 32
x 34 33
x 35 34
x 36 35
x 37 36
x 38 37
x 39 38
x 40 39
x 41 40
x 42 41
x 43 42
x 44 43
x 45 44
x 46 45
x 47 46
x 48 47
x 49 48
x 50 49
x 51 50
x 52 51
x 53 52
x 54 53
x 55 54
x 56 55
x 58 57
x 59 58
x 60 59
x 61 60
x 62 61
x 63 62
x 64 63
x 65 64
x 66 65
x 67 66
x 68 67
x 69 68
x 70 69
x 71 70
x 72 71
x 73 72
x 74 73
x 75 74
x 76 75
x 77 76
x 78 77
x 79 78
x 80 79
x 81 80
x 82 81
x 83 82
x 84 83
Case #44: 35 32
+ 1 1
+ 1 2
+ 1 3
+ 1 4
+ 1 5
+ 1 6
+ 1 7
+ 1 8
+ 1 9
+ 1 11
+ 1 12
+ 1 13
+ 1 14
+ 1 15
+ 1 16
+ 1 17
o 2 1
x 3 2
x 4 3
x 5 4
x 6 5
x 7 6
x 8 7
x 9 8
x 10 9
x 12 11
x 13 12
x 14 13
x 15 14
x 16 15
x 17 16
x 18 17
Case #45: 201 196
o 1 1
+ 1 2
+ 1 3
+ 1 4
+ 1 5
+ 1 6
+ 1 7
+ 1 8
+ 1 9
+ 1 10
+ 1 11
+ 1 12
+ 1 13
+ 1 14
+ 1 15
+ 1 16
+ 1 17
+ 1 18
+ 1 19
+ 1 20
+ 1 21
+ 1 22
+ 1 23
+ 1 24
+ 1 25
+ 1 26
+ 1 27
+ 1 28
+ 1 29
+ 1 31
+ 1 32
+ 1 33
+ 1 34
+ 1 35
+ 1 36
+ 1 37
+ 1 38
+ 1 39
+ 1 40
+ 1 41
+ 1 42
+ 1 43
+ 1 44
+ 1 46
+ 1 47
+ 1 48
+ 1 49
+ 1 50
+ 1 51
+ 1 52
+ 1 53
+ 1 54
+ 1 55
+ 1 56
+ 1 57
+ 1 58
+ 1 59
+ 1 60
+ 1 62
+ 1 63
+ 1 64
+ 1 65
+ 1 66
+ 1 67
+ 1 68
+ 1 69
+ 1 70
+ 1 71
+ 1 72
+ 1 73
+ 1 74
+ 1 75
+ 1 76
+ 1 77
+ 1 78
+ 1 79
+ 1 80
+ 1 81
+ 1 82
+ 1 83
+ 1 84
+ 1 85
+ 1 86
+ 1 87
+ 1 88
+ 1 89
+ 1 90
+ 1 91
+ 1 92
+ 1 93
+ 1 94
+ 1 95
+ 1 96
+ 1 97
+ 1 98
+ 1 99
+ 1 100
x 2 2
x 3 3
x 4 4
x 5 5
x 6 6
x 7 7
x 8 8
x 9 9
x 10 10
x 11 11
x 12 12
x 13 13
x 14 14
x 15 15
x 16 16
x 17 17
x 18 18
x 19 19
x 20 20
x 21 21
x 22 22
x 23 23
x 24 24
x 25 25
x 26 26
x 27 27
x 28 28
x 29 29
x 30 30
x 31 31
x 32 32
x 33 33
x 34 34
x 35 35
x 36 36
x 37 37
x 38 38
x 39 39
x 40 40
x 41 41
x 42 42
x 43 43
x 44 44
x 45 45
x 46 46
x 47 47
x 48 48
x 49 49
x 50 50
x 51 51
x 52 52
x 53 53
x 54 54
x 55 55
x 56 56
x 57 57
x 58 58
x 59 59
x 60 60
x 61 61
x 62 62
x 63 63
x 64 64
x 65 65
x 66 66
x 67 67
x 68 68
x 69 69
x 70 70
x 71 71
x 72 72
x 73 73
x 74 74
x 75 75
x 76 76
x 77 77
x 78 78
x 79 79
x 80 80
x 81 81
x 82 82
x 83 83
x 84 84
x 85 85
x 86 86
x 87 87
x 88 88
x 89 89
x 90 90
x 91 91
x 92 92
x 93 93
x 94 94
x 95 95
x 96 96
x 97 97
x 98 98
x 99 99
x 100 100
Case #46: 201 197
o 1 41
+ 1 2
+ 1 3
+ 1 4
+ 1 5
+ 1 6
+ 1 7
+ 1 8
+ 1 9
+ 1 10
+ 1 11
+ 1 12
+ 1 13
+ 1 14
+ 1 15
+ 1 16
+ 1 17
+ 1 18
+ 1 19
+ 1 20
+ 1 21
+ 1 22
+ 1 23
+ 1 24
+ 1 25
+ 1 26
+ 1 27
+ 1 28
+ 1 30
+ 1 31
+ 1 32
+ 1 33
+ 1 34
+ 1 35
+ 1 36
+ 1 37
+ 1 38
+ 1 39
+ 1 40
+ 1 42
+ 1 43
+ 1 44
+ 1 45
+ 1 46
+ 1 47
+ 1 48
+ 1 49
+ 1 50
+ 1 51
+ 1 52
+ 1 53
+ 1 54
+ 1 55
+ 1 56
+ 1 57
+ 1 58
+ 1 59
+ 1 60
+ 1 61
+ 1 62
+ 1 63
+ 1 64
+ 1 65
+ 1 66
+ 1 67
+ 1 68
+ 1 69
+ 1 70
+ 1 71
+ 1 72
+ 1 73
+ 1 74
+ 1 75
+ 1 76
+ 1 77
+ 1 78
+ 1 79
+ 1 80
+ 1 81
+ 1 82
+ 1 83
+ 1 84
+ 1 85
+ 1 86
+ 1 87
+ 1 88
+ 1 89
+ 1 90
+ 1 91
+ 1 92
+ 1 93
+ 1 94
+ 1 95
+ 1 96
+ 1 97
+ 1 98
+ 1 99
+ 1 100
o 2 1
x 3 2
x 4 3
x 5 4
x 6 5
x 7 6
x 8 7
x 9 8
x 10 9
x 11 10
x 12 11
x 13 12
x 14 13
x 15 14
x 16 15
x 17 16
x 18 17
x 19 18
x 20 19
x 21 20
x 22 21
x 23 22
x 24 23
x 25 24
x 26 25
x 27 26
x 28 27
x 29 28
x 30 29
x 31 30
x 32 31
x 33 32
x 34 33
x 35 34
x 36 35
x 37 36
x 38 37
x 39 38
x 40 39
x 41 40
x 43 42
x 44 43
x 45 44
x 46 45
x 47 46
x 48 47
x 49 48
x 50 49
x 51 50
x 52 51
x 53 52
x 54 53
x 55 54
x 56 55
x 57 56
x 58 57
x 59 58
x 60 59
x 61 60
x 62 61
x 63 62
x 64 63
x 65 64
x 66 65
x 67 66
x 68 67
x 69 68
x 70 69
x 71 70
x 72 71
x 73 72
x 74 73
x 75 74
x 76 75
x 77 76
x 78 77
x 79 78
x 80 79
x 81 80
x 82 81
x 83 82
x 84 83
x 85 84
x 86 85
x 87 86
x 88 87
x 89 88
x 90 89
x 91 90
x 92 91
x 93 92
x 94 93
x 95 94
x 96 95
x 97 96
x 98 97
x 99 98
x 100 99
x 101 100
Case #47: 141 137
o 1 63
+ 1 1
+ 1 2
+ 1 3
+ 1 4
+ 1 5
+ 1 6
+ 1 7
+ 1 8
+ 1 9
+ 1 10
+ 1 11
+ 1 12
+ 1 13
+ 1 14
+ 1 15
+ 1 16
+ 1 17
+ 1 18
+ 1 19
+ 1 20
+ 1 21
+ 1 22
+ 1 23
+ 1 24
+ 1 25
+ 1 26
+ 1 27
+ 1 28
+ 1 29
+ 1 30
+ 1 31
+ 1 32
+ 1 33
+ 1 34
+ 1 35
+ 1 36
+ 1 37
+ 1 38
+ 1 39
+ 1 40
+ 1 41
+ 1 42
+ 1 43
+ 1 44
+ 1 45
+ 1 46
+ 1 47
+ 1 48
+ 1 49
+ 1 50
+ 1 51
+ 1 52
+ 1 54
+ 1 55
+ 1 56
+ 1 57
+ 1 58
+ 1 59
+ 1 61
+ 1 62
+ 1 64
+ 1 65
+ 1 66
+ 1 67
+ 1 68
+ 1 69
+ 1 70
o 2 1
x 3 2
x 4 3
x 5 4
x 6 5
x 7 6
x 8 7
x 9 8
x 10 9
x 11 10
x 12 11
x 13 12
x 14 13
x 15 14
x 16 15
x 17 16
x 18 17
x 19 18
x 20 19
x 21 20
x 22 21
x 23 22
x 24 23
x 25 24
x 26 25
x 27 26
x 28 27
x 29 28
x 30 29
x 31 30
x 32 31
x 33 32
x 34 33
x 35 34
x 36 35
x 37 36
x 38 37
x 39 38
x 40 39
x 41 40
x 42 41
x 43 42
x 44 43
x 45 44
x 46 45
x 47 46
x 48 47
x 49 48
x 50 49
x 51 50
x 52 51
x 53 52
x 54 53
x 55 54
x 56 55
x 57 56
x 58 57
x 59 58
x 60 59
x 61 60
x 62 61
x 63 62
x 65 64
x 66 65
x 67 66
x 68 67
x 69 68
x 70 69
x 71 70
Case #48: 117 115
o 1 42
+ 1 1
+ 1 2
+ 1 3
+ 1 4
+ 1 5
+ 1 6
+ 1 7
+ 1 8
+ 1 9
+ 1 10
+ 1 11
+ 1 12
+ 1 13
+ 1 14
+ 1 15
+ 1 16
+ 1 17
+ 1 18
+ 1 19
+ 1 20
+ 1 21
+ 1 22
+ 1 23
+ 1 24
+ 1 25
+ 1 26
+ 1 27
+ 1 28
+ 1 29
+ 1 30
+ 1 31
+ 1 32
+ 1 33
+ 1 34
+ 1 35
+ 1 36
+ 1 37
+ 1 38
+ 1 39
+ 1 40
+ 1 41
+ 1 43
+ 1 44
+ 1 45
+ 1 46
+ 1 47
+ 1 48
+ 1 49
+ 1 50
+ 1 51
+ 1 52
+ 1 53
+ 1 54
+ 1 55
+ 1 56
+ 1 57
+ 1 58
o 2 1
x 3 2
x 4 3
x 5 4
x 6 5
x 7 6
x 8 7
x 9 8
x 10 9
x 11 10
x 12 11
x 13 12
x 14 13
x 15 14
x 16 15
x 17 16
x 18 17
x 19 18
x 20 19
x 21 20
x 22 21
x 23 22
x 24 23
x 25 24
x 26 25
x 27 26
x 28 27
x 29 28
x 30 29
x 31 30
x 32 31
x 33 32
x 34 33
x 35 34
x 36 35
x 37 36
x 38 37
x 39 38
x 40 39
x 41 40
x 42 41
x 44 43
x 45 44
x 46 45
x 47 46
x 48 47
x 49 48
x 50 49
x 51 50
x 52 51
x 53 52
x 54 53
x 55 54
x 56 55
x 57 56
x 58 57
x 59 58
Case #49: 29 24
+ 1 1
+ 1 2
+ 1 3
+ 1 4
+ 1 5
+ 1 8
+ 1 10
+ 1 11
+ 1 12
+ 1 13
+ 1 14
o 2 1
x 3 2
x 4 3
x 5 4
x 6 5
x 8 7
x 9 8
x 10 9
x 11 10
x 12 11
x 13 12
x 14 13
x 15 14
Case #50: 201 197
o 1 48
+ 1 1
+ 1 2
+ 1 4
+ 1 5
+ 1 6
+ 1 7
+ 1 8
+ 1 10
+ 1 11
+ 1 12
+ 1 13
+ 1 14
+ 1 15
+ 1 16
+ 1 17
+ 1 18
+ 1 19
+ 1 20
+ 1 21
+ 1 22
+ 1 23
+ 1 24
+ 1 25
+ 1 26
+ 1 27
+ 1 28
+ 1 29
+ 1 30
+ 1 31
+ 1 32
+ 1 33
+ 1 34
+ 1 35
+ 1 36
+ 1 37
+ 1 38
+ 1 39
+ 1 40
+ 1 41
+ 1 42
+ 1 43
+ 1 44
+ 1 45
+ 1 46
+ 1 47
+ 1 49
+ 1 50
+ 1 51
+ 1 52
+ 1 53
+ 1 54
+ 1 55
+ 1 56
+ 1 57
+ 1 58
+ 1 59
+ 1 60
+ 1 61
+ 1 62
+ 1 63
+ 1 64
+ 1 65
+ 1 66
+ 1 67
+ 1 68
+ 1 69
+ 1 70
+ 1 71
+ 1 72
+ 1 73
+ 1 74
+ 1 75
+ 1 76
+ 1 77
+ 1 78
+ 1 79
+ 1 80
+ 1 81
+ 1 82
+ 1 83
+ 1 84
+ 1 85
+ 1 86
+ 1 87
+ 1 88
+ 1 89
+ 1 90
+ 1 91
+ 1 92
+ 1 93
+ 1 94
+ 1 95
+ 1 96
+ 1 97
+ 1 98
+ 1 99
+ 1 100
o 2 1
x 3 2
x 4 3
x 5 4
x 6 5
x 7 6
x 8 7
x 9 8
x 10 9
x 11 10
x 12 11
x 13 12
x 14 13
x 15 14
x 16 15
x 17 16
x 18 17
x 19 18
x 20 19
x 21 20
x 22 21
x 23 22
x 24 23
x 25 24
x 26 25
x 27 26
x 28 27
x 29 28
x 30 29
x 31 30
x 32 31
x 33 32
x 34 33
x 35 34
x 36 35
x 37 36
x 38 37
x 39 38
x 40 39
x 41 40
x 42 41
x 43 42
x 44 43
x 45 44
x 46 45
x 47 46
x 48 47
x 50 49
x 51 50
x 52 51
x 53 52
x 54 53
x 55 54
x 56 55
x 57 56
x 58 57
x 59 58
x 60 59
x 61 60
x 62 61
x 63 62
x 64 63
x 65 64
x 66 65
x 67 66
x 68 67
x 69 68
x 70 69
x 71 70
x 72 71
x 73 72
x 74 73
x 75 74
x 76 75
x 77 76
x 78 77
x 79 78
x 80 79
x 81 80
x 82 81
x 83 82
x 84 83
x 85 84
x 86 85
x 87 86
x 88 87
x 89 88
x 90 89
x 91 90
x 92 91
x 93 92
x 94 93
x 95 94
x 96 95
x 97 96
x 98 97
x 99 98
x 100 99
x 101 100
Case #51: 200 100
o 1 1
x 2 2
x 3 3
x 4 4
x 5 5
x 6 6
x 7 7
x 8 8
x 9 9
x 10 10
x 11 11
x 12 12
x 13 13
x 14 14
x 15 15
x 16 16
x 17 17
x 18 18
x 19 19
x 20 20
x 21 21
x 22 22
x 23 23
x 24 24
x 25 25
x 26 26
x 27 27
x 28 28
x 29 29
x 30 30
x 31 31
x 32 32
x 33 33
x 34 34
x 35 35
x 36 36
x 37 37
x 38 38
x 39 39
x 40 40
x 41 41
x 42 42
x 43 43
x 44 44
x 45 45
x 46 46
x 47 47
x 48 48
x 49 49
x 50 50
x 51 51
x 52 52
x 53 53
x 54 54
x 55 55
x 56 56
x 57 57
x 58 58
x 59 59
x 60 60
x 61 61
x 62 62
x 63 63
x 64 64
x 65 65
x 66 66
x 67 67
x 68 68
x 69 69
x 70 70
x 71 71
x 72 72
x 73 73
x 74 74
x 75 75
x 76 76
x 77 77
x 78 78
x 79 79
x 80 80
x 81 81
x 82 82
x 83 83
x 84 84
x 85 85
x 86 86
x 87 87
x 88 88
x 89 89
x 90 90
x 91 91
x 92 92
x 93 93
x 94 94
x 95 95
x 96 96
x 97 97
x 98 98
x 99 99
x 100 100
Case #52: 201 198
o 1 57
+ 1 2
+ 1 3
+ 1 4
+ 1 5
+ 1 6
+ 1 7
+ 1 8
+ 1 9
+ 1 10
+ 1 11
+ 1 12
+ 1 13
+ 1 14
+ 1 15
+ 1 16
+ 1 17
+ 1 18
+ 1 19
+ 1 20
+ 1 21
+ 1 22
+ 1 23
+ 1 24
+ 1 25
+ 1 26
+ 1 27
+ 1 28
+ 1 29
+ 1 30
+ 1 31
+ 1 32
+ 1 33
+ 1 34
+ 1 35
+ 1 36
+ 1 37
+ 1 38
+ 1 39
+ 1 40
+ 1 41
+ 1 42
+ 1 43
+ 1 44
+ 1 45
+ 1 46
+ 1 47
+ 1 48
+ 1 49
+ 1 50
+ 1 51
+ 1 52
+ 1 53
+ 1 54
+ 1 55
+ 1 56
+ 1 58
+ 1 59
+ 1 60
+ 1 61
+ 1 62
+ 1 63
+ 1 64
+ 1 65
+ 1 66
+ 1 67
+ 1 68
+ 1 69
+ 1 70
+ 1 71
+ 1 72
+ 1 73
+ 1 74
+ 1 75
+ 1 76
+ 1 77
+ 1 78
+ 1 79
+ 1 80
+ 1 81
+ 1 82
+ 1 83
+ 1 84
+ 1 85
+ 1 86
+ 1 87
+ 1 88
+ 1 89
+ 1 90
+ 1 91
+ 1 92
+ 1 93
+ 1 94
+ 1 95
+ 1 96
+ 1 97
+ 1 98
+ 1 99
+ 1 100
o 2 1
x 3 2
x 4 3
x 5 4
x 6 5
x 7 6
x 8 7
x 9 8
x 10 9
x 11 10
x 12 11
x 13 12
x 14 13
x 15 14
x 16 15
x 17 16
x 18 17
x 19 18
x 20 19
x 21 20
x 22 21
x 23 22
x 24 23
x 25 24
x 26 25
x 27 26
x 28 27
x 29 28
x 30 29
x 31 30
x 32 31
x 33 32
x 34 33
x 35 34
x 36 35
x 37 36
x 38 37
x 39 38
x 40 39
x 41 40
x 42 41
x 43 42
x 44 43
x 45 44
x 46 45
x 47 46
x 48 47
x 49 48
x 50 49
x 51 50
x 52 51
x 53 52
x 54 53
x 55 54
x 56 55
x 57 56
x 59 58
x 60 59
x 61 60
x 62 61
x 63 62
x 64 63
x 65 64
x 66 65
x 67 66
x 68 67
x 69 68
x 70 69
x 71 70
x 72 71
x 73 72
x 74 73
x 75 74
x 76 75
x 77 76
x 78 77
x 79 78
x 80 79
x 81 80
x 82 81
x 83 82
x 84 83
x 85 84
x 86 85
x 87 86
x 88 87
x 89 88
x 90 89
x 91 90
x 92 91
x 93 92
x 94 93
x 95 94
x 96 95
x 97 96
x 98 97
x 99 98
x 100 99
x 101 100
Case #53: 185 180
+ 1 1
+ 1 2
+ 1 3
+ 1 4
+ 1 5
+ 1 6
+ 1 7
+ 1 8
+ 1 9
+ 1 10
+ 1 11
+ 1 12
+ 1 13
+ 1 14
+ 1 15
+ 1 16
+ 1 17
+ 1 18
+ 1 19
+ 1 20
+ 1 21
+ 1 22
+ 1 23
+ 1 24
+ 1 25
+ 1 26
+ 1 27
+ 1 28
+ 1 29
+ 1 30
+ 1 31
+ 1 32
+ 1 33
+ 1 34
+ 1 35
+ 1 36
+ 1 38
+ 1 39
+ 1 40
+ 1 41
+ 1 42
+ 1 43
+ 1 44
+ 1 45
+ 1 46
+ 1 47
+ 1 48
+ 1 49
+ 1 50
+ 1 51
+ 1 52
+ 1 53
+ 1 54
+ 1 55
+ 1 56
+ 1 57
+ 1 58
+ 1 60
+ 1 61
+ 1 62
+ 1 63
+ 1 64
+ 1 65
+ 1 66
+ 1 67
+ 1 68
+ 1 69
+ 1 70
+ 1 71
+ 1 72
+ 1 73
+ 1 74
+ 1 75
+ 1 76
+ 1 77
+ 1 78
+ 1 79
+ 1 80
+ 1 81
+ 1 82
+ 1 83
+ 1 84
+ 1 85
+ 1 86
+ 1 87
+ 1 88
+ 1 90
+ 1 91
+ 1 92
o 2 1
x 3 2
x 4 3
x 5 4
x 6 5
x 7 6
x 8 7
x 9 8
x 10 9
x 11 10
x 12 11
x 13 12
x 14 13
x 15 14
x 16 15
x 17 16
x 18 17
x 19 18
x 20 19
x 21 20
x 22 21
x 23 22
x 24 23
x 25 24
x 26 25
x 27 26
x 28 27
x 29 28
x 30 29
x 31 30
x 32 31
x 33 32
x 34 33
x 35 34
x 36 35
x 37 36
x 39 38
x 40 39
x 41 40
x 42 41
x 43 42
x 44 43
x 45 44
x 46 45
x 47 46
x 48 47
x 49 48
x 50 49
x 51 50
x 52 51
x 53 52
x 54 53
x 55 54
x 56 55
x 57 56
x 58 57
x 59 58
x 60 59
x 61 60
x 62 61
x 63 62
x 64 63
x 65 64
x 66 65
x 67 66
x 68 67
x 69 68
x 70 69
x 71 70
x 72 71
x 73 72
x 74 73
x 75 74
x 76 75
x 77 76
x 78 77
x 79 78
x 80 79
x 81 80
x 82 81
x 83 82
x 84 83
x 85 84
x 86 85
x 87 86
x 88 87
x 89 88
x 90 89
x 91 90
x 92 91
x 93 92
Case #54: 7 3
+ 1 1
o 2 1
x 3 2
Case #55: 201 199
o 1 99
+ 1 1
+ 1 2
+ 1 3
+ 1 4
+ 1 5
+ 1 6
+ 1 7
+ 1 8
+ 1 9
+ 1 10
+ 1 11
+ 1 12
+ 1 13
+ 1 14
+ 1 15
+ 1 16
+ 1 17
+ 1 18
+ 1 19
+ 1 20
+ 1 21
+ 1 22
+ 1 23
+ 1 24
+ 1 25
+ 1 26
+ 1 27
+ 1 28
+ 1 29
+ 1 30
+ 1 31
+ 1 32
+ 1 33
+ 1 34
+ 1 35
+ 1 36
+ 1 37
+ 1 38
+ 1 39
+ 1 40
+ 1 41
+ 1 42
+ 1 43
+ 1 44
+ 1 45
+ 1 46
+ 1 47
+ 1 48
+ 1 49
+ 1 50
+ 1 51
+ 1 52
+ 1 53
+ 1 54
+ 1 55
+ 1 56
+ 1 57
+ 1 58
+ 1 59
+ 1 60
+ 1 61
+ 1 62
+ 1 63
+ 1 64
+ 1 65
+ 1 66
+ 1 67
+ 1 68
+ 1 69
+ 1 70
+ 1 71
+ 1 72
+ 1 73
+ 1 74
+ 1 75
+ 1 76
+ 1 77
+ 1 78
+ 1 79
+ 1 80
+ 1 81
+ 1 82
+ 1 83
+ 1 84
+ 1 85
+ 1 86
+ 1 87
+ 1 88
+ 1 89
+ 1 90
+ 1 91
+ 1 92
+ 1 93
+ 1 94
+ 1 95
+ 1 96
+ 1 97
+ 1 98
+ 1 100
o 2 1
x 3 2
x 4 3
x 5 4
x 6 5
x 7 6
x 8 7
x 9 8
x 10 9
x 11 10
x 12 11
x 13 12
x 14 13
x 15 14
x 16 15
x 17 16
x 18 17
x 19 18
x 20 19
x 21 20
x 22 21
x 23 22
x 24 23
x 25 24
x 26 25
x 27 26
x 28 27
x 29 28
x 30 29
x 31 30
x 32 31
x 33 32
x 34 33
x 35 34
x 36 35
x 37 36
x 38 37
x 39 38
x 40 39
x 41 40
x 42 41
x 43 42
x 44 43
x 45 44
x 46 45
x 47 46
x 48 47
x 49 48
x 50 49
x 51 50
x 52 51
x 53 52
x 54 53
x 55 54
x 56 55
x 57 56
x 58 57
x 59 58
x 60 59
x 61 60
x 62 61
x 63 62
x 64 63
x 65 64
x 66 65
x 67 66
x 68 67
x 69 68
x 70 69
x 71 70
x 72 71
x 73 72
x 74 73
x 75 74
x 76 75
x 77 76
x 78 77
x 79 78
x 80 79
x 81 80
x 82 81
x 83 82
x 84 83
x 85 84
x 86 85
x 87 86
x 88 87
x 89 88
x 90 89
x 91 90
x 92 91
x 93 92
x 94 93
x 95 94
x 96 95
x 97 96
x 98 97
x 99 98
x 101 100
Case #56: 19 14
+ 1 1
+ 1 3
+ 1 4
+ 1 7
+ 1 8
+ 1 9
o 2 1
x 4 3
x 5 4
x 6 5
x 7 6
x 8 7
x 9 8
x 10 9
Case #57: 21 16
+ 1 1
+ 1 3
+ 1 5
+ 1 6
+ 1 7
+ 1 9
+ 1 10
o 2 1
x 3 2
x 4 3
x 5 4
x 6 5
x 7 6
x 8 7
x 10 9
x 11 10
Case #58: 201 195
o 1 1
+ 1 2
+ 1 3
+ 1 6
+ 1 7
+ 1 8
+ 1 9
+ 1 10
+ 1 11
+ 1 13
+ 1 14
+ 1 15
+ 1 16
+ 1 17
+ 1 18
+ 1 19
+ 1 20
+ 1 21
+ 1 22
+ 1 23
+ 1 24
+ 1 25
+ 1 26
+ 1 27
+ 1 28
+ 1 29
+ 1 30
+ 1 31
+ 1 32
+ 1 33
+ 1 34
+ 1 35
+ 1 36
+ 1 37
+ 1 38
+ 1 39
+ 1 40
+ 1 41
+ 1 42
+ 1 43
+ 1 44
+ 1 45
+ 1 46
+ 1 47
+ 1 48
+ 1 49
+ 1 50
+ 1 51
+ 1 53
+ 1 54
+ 1 55
+ 1 56
+ 1 57
+ 1 58
+ 1 59
+ 1 60
+ 1 61
+ 1 62
+ 1 63
+ 1 64
+ 1 65
+ 1 66
+ 1 67
+ 1 68
+ 1 69
+ 1 70
+ 1 71
+ 1 72
+ 1 73
+ 1 74
+ 1 75
+ 1 76
+ 1 77
+ 1 78
+ 1 79
+ 1 80
+ 1 81
+ 1 82
+ 1 83
+ 1 84
+ 1 85
+ 1 86
+ 1 87
+ 1 88
+ 1 89
+ 1 90
+ 1 91
+ 1 92
+ 1 93
+ 1 94
+ 1 95
+ 1 96
+ 1 97
+ 1 98
+ 1 99
+ 1 100
x 2 2
x 3 3
x 4 4
x 5 5
x 6 6
x 7 7
x 8 8
x 9 9
x 10 10
x 11 11
x 12 12
x 13 13
x 14 14
x 15 15
x 16 16
x 17 17
x 18 18
x 19 19
x 20 20
x 21 21
x 22 22
x 23 23
x 24 24
x 25 25
x 26 26
x 27 27
x 28 28
x 29 29
x 30 30
x 31 31
x 32 32
x 33 33
x 34 34
x 35 35
x 36 36
x 37 37
x 38 38
x 39 39
x 40 40
x 41 41
x 42 42
x 43 43
x 44 44
x 45 45
x 46 46
x 47 47
x 48 48
x 49 49
x 50 50
x 51 51
x 52 52
x 53 53
x 54 54
x 55 55
x 56 56
x 57 57
x 58 58
x 59 59
x 60 60
x 61 61
x 62 62
x 63 63
x 64 64
x 65 65
x 66 66
x 67 67
x 68 68
x 69 69
x 70 70
x 71 71
x 72 72
x 73 73
x 74 74
x 75 75
x 76 76
x 77 77
x 78 78
x 79 79
x 80 80
x 81 81
x 82 82
x 83 83
x 84 84
x 85 85
x 86 86
x 87 87
x 88 88
x 89 89
x 90 90
x 91 91
x 92 92
x 93 93
x 94 94
x 95 95
x 96 96
x 97 97
x 98 98
x 99 99
x 100 100
Case #59: 135 130
+ 1 1
+ 1 2
+ 1 3
+ 1 4
+ 1 5
+ 1 6
+ 1 7
+ 1 8
+ 1 9
+ 1 10
+ 1 11
+ 1 12
+ 1 13
+ 1 14
+ 1 15
+ 1 16
+ 1 17
+ 1 18
+ 1 19
+ 1 20
+ 1 21
+ 1 22
+ 1 23
+ 1 24
+ 1 25
+ 1 26
+ 1 27
+ 1 28
+ 1 29
+ 1 30
+ 1 31
+ 1 32
+ 1 33
+ 1 34
+ 1 35
+ 1 36
+ 1 37
+ 1 38
+ 1 39
+ 1 41
+ 1 42
+ 1 43
+ 1 45
+ 1 46
+ 1 47
+ 1 48
+ 1 49
+ 1 50
+ 1 51
+ 1 52
+ 1 53
+ 1 54
+ 1 55
+ 1 56
+ 1 57
+ 1 58
+ 1 59
+ 1 60
+ 1 61
+ 1 63
+ 1 64
+ 1 65
+ 1 66
+ 1 67
o 2 1
x 3 2
x 4 3
x 5 4
x 6 5
x 7 6
x 8 7
x 9 8
x 10 9
x 11 10
x 12 11
x 13 12
x 14 13
x 15 14
x 16 15
x 17 16
x 18 17
x 19 18
x 20 19
x 21 20
x 22 21
x 23 22
x 24 23
x 25 24
x 26 25
x 27 26
x 28 27
x 29 28
x 30 29
x 31 30
x 32 31
x 33 32
x 34 33
x 35 34
x 36 35
x 37 36
x 38 37
x 39 38
x 40 39
x 41 40
x 42 41
x 43 42
x 44 43
x 45 44
x 46 45
x 47 46
x 48 47
x 49 48
x 50 49
x 51 50
x 52 51
x 53 52
x 54 53
x 55 54
x 56 55
x 57 56
x 58 57
x 59 58
x 60 59
x 61 60
x 62 61
x 64 63
x 65 64
x 66 65
x 67 66
x 68 67
Case #60: 111 105
+ 1 1
+ 1 2
+ 1 3
+ 1 4
+ 1 5
+ 1 6
+ 1 7
+ 1 8
+ 1 9
+ 1 10
+ 1 11
+ 1 12
+ 1 13
+ 1 16
+ 1 17
+ 1 18
+ 1 19
+ 1 20
+ 1 21
+ 1 22
+ 1 23
+ 1 24
+ 1 25
+ 1 26
+ 1 27
+ 1 28
+ 1 29
+ 1 30
+ 1 31
+ 1 32
+ 1 33
+ 1 34
+ 1 35
+ 1 36
+ 1 37
+ 1 38
+ 1 39
+ 1 40
+ 1 41
+ 1 42
+ 1 43
+ 1 44
+ 1 45
+ 1 46
+ 1 47
+ 1 48
+ 1 49
+ 1 52
+ 1 53
+ 1 54
+ 1 55
o 2 1
x 3 2
x 4 3
x 5 4
x 6 5
x 7 6
x 8 7
x 9 8
x 10 9
x 11 10
x 12 11
x 13 12
x 14 13
x 15 14
x 17 16
x 18 17
x 19 18
x 20 19
x 21 20
x 22 21
x 23 22
x 24 23
x 25 24
x 26 25
x 27 26
x 28 27
x 29 28
x 30 29
x 31 30
x 32 31
x 33 32
x 34 33
x 35 34
x 36 35
x 37 36
x 38 37
x 39 38
x 40 39
x 41 40
x 42 41
x 43 42
x 44 43
x 45 44
x 46 45
x 47 46
x 48 47
x 49 48
x 50 49
x 51 50
x 52 51
x 53 52
x 54 53
x 55 54
x 56 55
Case #61: 201 101
o 1 1
+ 1 2
x 2 2
x 3 3
x 4 4
x 5 5
x 6 6
x 7 7
x 8 8
x 9 9
x 10 10
x 11 11
x 12 12
x 13 13
x 14 14
x 15 15
x 16 16
x 17 17
x 18 18
x 19 19
x 20 20
x 21 21
x 22 22
x 23 23
x 24 24
x 25 25
x 26 26
x 27 27
x 28 28
x 29 29
x 30 30
x 31 31
x 32 32
x 33 33
x 34 34
x 35 35
x 36 36
x 37 37
x 38 38
x 39 39
x 40 40
x 41 41
x 42 42
x 43 43
x 44 44
x 45 45
x 46 46
x 47 47
x 48 48
x 49 49
x 50 50
x 51 51
x 52 52
x 53 53
x 54 54
x 55 55
x 56 56
x 57 57
x 58 58
x 59 59
x 60 60
x 61 61
x 62 62
x 63 63
x 64 64
x 65 65
x 66 66
x 67 67
x 68 68
x 69 69
x 70 70
x 71 71
x 72 72
x 73 73
x 74 74
x 75 75
x 76 76
x 77 77
x 78 78
x 79 79
x 80 80
x 81 81
x 82 82
x 83 83
x 84 84
x 85 85
x 86 86
x 87 87
x 88 88
x 89 89
x 90 90
x 91 91
x 92 92
x 93 93
x 94 94
x 95 95
x 96 96
x 97 97
x 98 98
x 99 99
x 100 100
Case #62: 67 62
+ 1 1
+ 1 2
+ 1 3
+ 1 4
+ 1 5
+ 1 6
+ 1 7
+ 1 8
+ 1 9
+ 1 10
+ 1 12
+ 1 13
+ 1 14
+ 1 15
+ 1 16
+ 1 17
+ 1 18
+ 1 19
+ 1 20
+ 1 21
+ 1 23
+ 1 24
+ 1 25
+ 1 26
+ 1 27
+ 1 28
+ 1 29
+ 1 30
+ 1 32
+ 1 33
o 2 1
x 3 2
x 4 3
x 5 4
x 6 5
x 7 6
x 8 7
x 9 8
x 10 9
x 11 10
x 12 11
x 13 12
x 14 13
x 15 14
x 16 15
x 17 16
x 18 17
x 19 18
x 20 19
x 21 20
x 22 21
x 23 22
x 24 23
x 25 24
x 26 25
x 27 26
x 28 27
x 29 28
x 30 29
x 31 30
x 33 32
x 34 33
Case #63: 201 197
o 1 68
+ 1 2
+ 1 3
+ 1 4
+ 1 5
+ 1 7
+ 1 8
+ 1 9
+ 1 10
+ 1 11
+ 1 12
+ 1 13
+ 1 14
+ 1 15
+ 1 16
+ 1 17
+ 1 18
+ 1 19
+ 1 20
+ 1 21
+ 1 22
+ 1 23
+ 1 24
+ 1 25
+ 1 26
+ 1 27
+ 1 28
+ 1 29
+ 1 30
+ 1 31
+ 1 32
+ 1 33
+ 1 34
+ 1 35
+ 1 36
+ 1 37
+ 1 38
+ 1 39
+ 1 40
+ 1 41
+ 1 42
+ 1 43
+ 1 44
+ 1 45
+ 1 46
+ 1 47
+ 1 48
+ 1 49
+ 1 50
+ 1 51
+ 1 52
+ 1 53
+ 1 54
+ 1 55
+ 1 56
+ 1 57
+ 1 58
+ 1 59
+ 1 60
+ 1 61
+ 1 62
+ 1 63
+ 1 64
+ 1 65
+ 1 66
+ 1 67
+ 1 69
+ 1 70
+ 1 71
+ 1 72
+ 1 73
+ 1 74
+ 1 75
+ 1 76
+ 1 77
+ 1 78
+ 1 79
+ 1 80
+ 1 81
+ 1 82
+ 1 83
+ 1 84
+ 1 85
+ 1 86
+ 1 87
+ 1 88
+ 1 89
+ 1 90
+ 1 91
+ 1 92
+ 1 93
+ 1 94
+ 1 95
+ 1 96
+ 1 97
+ 1 98
+ 1 99
+ 1 100
o 2 1
x 3 2
x 4 3
x 5 4
x 6 5
x 7 6
x 8 7
x 9 8
x 10 9
x 11 10
x 12 11
x 13 12
x 14 13
x 15 14
x 16 15
x 17 16
x 18 17
x 19 18
x 20 19
x 21 20
x 22 21
x 23 22
x 24 23
x 25 24
x 26 25
x 27 26
x 28 27
x 29 28
x 30 29
x 31 30
x 32 31
x 33 32
x 34 33
x 35 34
x 36 35
x 37 36
x 38 37
x 39 38
x 40 39
x 41 40
x 42 41
x 43 42
x 44 43
x 45 44
x 46 45
x 47 46
x 48 47
x 49 48
x 50 49
x 51 50
x 52 51
x 53 52
x 54 53
x 55 54
x 56 55
x 57 56
x 58 57
x 59 58
x 60 59
x 61 60
x 62 61
x 63 62
x 64 63
x 65 64
x 66 65
x 67 66
x 68 67
x 70 69
x 71 70
x 72 71
x 73 72
x 74 73
x 75 74
x 76 75
x 77 76
x 78 77
x 79 78
x 80 79
x 81 80
x 82 81
x 83 82
x 84 83
x 85 84
x 86 85
x 87 86
x 88 87
x 89 88
x 90 89
x 91 90
x 92 91
x 93 92
x 94 93
x 95 94
x 96 95
x 97 96
x 98 97
x 99 98
x 100 99
x 101 100
Case #64: 201 198
o 1 1
+ 1 2
+ 1 3
+ 1 4
+ 1 5
+ 1 6
+ 1 7
+ 1 8
+ 1 9
+ 1 10
+ 1 11
+ 1 12
+ 1 13
+ 1 14
+ 1 15
+ 1 16
+ 1 17
+ 1 19
+ 1 20
+ 1 21
+ 1 22
+ 1 23
+ 1 24
+ 1 25
+ 1 26
+ 1 27
+ 1 28
+ 1 29
+ 1 30
+ 1 31
+ 1 32
+ 1 33
+ 1 34
+ 1 35
+ 1 36
+ 1 37
+ 1 38
+ 1 39
+ 1 40
+ 1 41
+ 1 42
+ 1 43
+ 1 44
+ 1 45
+ 1 46
+ 1 47
+ 1 48
+ 1 49
+ 1 50
+ 1 51
+ 1 52
+ 1 53
+ 1 54
+ 1 55
+ 1 56
+ 1 57
+ 1 58
+ 1 59
+ 1 60
+ 1 61
+ 1 62
+ 1 63
+ 1 64
+ 1 65
+ 1 66
+ 1 67
+ 1 68
+ 1 69
+ 1 70
+ 1 71
+ 1 72
+ 1 73
+ 1 74
+ 1 75
+ 1 76
+ 1 77
+ 1 78
+ 1 79
+ 1 80
+ 1 81
+ 1 82
+ 1 83
+ 1 84
+ 1 85
+ 1 86
+ 1 87
+ 1 88
+ 1 89
+ 1 90
+ 1 91
+ 1 92
+ 1 93
+ 1 94
+ 1 95
+ 1 96
+ 1 97
+ 1 98
+ 1 99
+ 1 100
x 2 2
x 3 3
x 4 4
x 5 5
x 6 6
x 7 7
x 8 8
x 9 9
x 10 10
x 11 11
x 12 12
x 13 13
x 14 14
x 15 15
x 16 16
x 17 17
x 18 18
x 19 19
x 20 20
x 21 21
x 22 22
x 23 23
x 24 24
x 25 25
x 26 26
x 27 27
x 28 28
x 29 29
x 30 30
x 31 31
x 32 32
x 33 33
x 34 34
x 35 35
x 36 36
x 37 37
x 38 38
x 39 39
x 40 40
x 41 41
x 42 42
x 43 43
x 44 44
x 45 45
x 46 46
x 47 47
x 48 48
x 49 49
x 50 50
x 51 51
x 52 52
x 53 53
x 54 54
x 55 55
x 56 56
x 57 57
x 58 58
x 59 59
x 60 60
x 61 61
x 62 62
x 63 63
x 64 64
x 65 65
x 66 66
x 67 67
x 68 68
x 69 69
x 70 70
x 71 71
x 72 72
x 73 73
x 74 74
x 75 75
x 76 76
x 77 77
x 78 78
x 79 79
x 80 80
x 81 81
x 82 82
x 83 83
x 84 84
x 85 85
x 86 86
x 87 87
x 88 88
x 89 89
x 90 90
x 91 91
x 92 92
x 93 93
x 94 94
x 95 95
x 96 96
x 97 97
x 98 98
x 99 99
x 100 100
Case #65: 73 68
+ 1 1
+ 1 2
+ 1 3
+ 1 4
+ 1 5
+ 1 6
+ 1 7
+ 1 9
+ 1 10
+ 1 11
+ 1 12
+ 1 13
+ 1 14
+ 1 15
+ 1 16
+ 1 17
+ 1 18
+ 1 19
+ 1 20
+ 1 21
+ 1 22
+ 1 23
+ 1 24
+ 1 25
+ 1 26
+ 1 27
+ 1 29
+ 1 30
+ 1 31
+ 1 33
+ 1 34
+ 1 35
+ 1 36
o 2 1
x 3 2
x 4 3
x 5 4
x 6 5
x 7 6
x 8 7
x 9 8
x 10 9
x 11 10
x 12 11
x 13 12
x 14 13
x 15 14
x 16 15
x 17 16
x 18 17
x 19 18
x 20 19
x 21 20
x 22 21
x 23 22
x 24 23
x 25 24
x 26 25
x 27 26
x 28 27
x 30 29
x 31 30
x 32 31
x 33 32
x 34 33
x 35 34
x 36 35
x 37 36
Case #66: 2 1
o 1 1
Case #67: 109 103
+ 1 1
+ 1 2
+ 1 3
+ 1 4
+ 1 5
+ 1 7
+ 1 8
+ 1 9
+ 1 10
+ 1 11
+ 1 12
+ 1 13
+ 1 14
+ 1 15
+ 1 16
+ 1 17
+ 1 18
+ 1 19
+ 1 20
+ 1 21
+ 1 22
+ 1 23
+ 1 24
+ 1 25
+ 1 26
+ 1 27
+ 1 29
+ 1 31
+ 1 32
+ 1 33
+ 1 34
+ 1 35
+ 1 36
+ 1 37
+ 1 38
+ 1 39
+ 1 40
+ 1 41
+ 1 42
+ 1 43
+ 1 44
+ 1 46
+ 1 47
+ 1 48
+ 1 49
+ 1 50
+ 1 51
+ 1 52
+ 1 53
+ 1 54
o 2 1
x 3 2
x 4 3
x 5 4
x 6 5
x 8 7
x 9 8
x 10 9
x 11 10
x 12 11
x 13 12
x 14 13
x 15 14
x 16 15
x 17 16
x 18 17
x 19 18
x 20 19
x 21 20
x 22 21
x 23 22
x 24 23
x 25 24
x 26 25
x 27 26
x 28 27
x 29 28
x 30 29
x 31 30
x 32 31
x 33 32
x 34 33
x 35 34
x 36 35
x 37 36
x 38 37
x 39 38
x 40 39
x 41 40
x 42 41
x 43 42
x 44 43
x 45 44
x 46 45
x 47 46
x 48 47
x 49 48
x 50 49
x 51 50
x 52 51
x 53 52
x 54 53
x 55 54
Case #68: 29 26
o 1 14
+ 1 1
+ 1 2
+ 1 3
+ 1 4
+ 1 5
+ 1 7
+ 1 8
+ 1 9
+ 1 10
+ 1 11
+ 1 12
+ 1 13
o 2 1
x 3 2
x 4 3
x 5 4
x 6 5
x 7 6
x 8 7
x 9 8
x 10 9
x 11 10
x 12 11
x 13 12
x 14 13
Case #69: 93 90
+ 1 1
+ 1 2
+ 1 3
+ 1 4
+ 1 5
+ 1 6
+ 1 7
+ 1 8
+ 1 9
+ 1 10
+ 1 11
+ 1 13
+ 1 14
+ 1 15
+ 1 16
+ 1 17
+ 1 18
+ 1 19
+ 1 20
+ 1 21
+ 1 22
+ 1 23
+ 1 24
+ 1 25
+ 1 26
+ 1 27
+ 1 28
+ 1 29
+ 1 30
+ 1 31
+ 1 32
+ 1 33
+ 1 34
+ 1 35
+ 1 36
+ 1 37
+ 1 38
+ 1 39
+ 1 40
+ 1 41
+ 1 42
+ 1 43
+ 1 44
+ 1 45
+ 1 46
o 2 1
x 3 2
x 4 3
x 5 4
x 6 5
x 7 6
x 8 7
x 9 8
x 10 9
x 11 10
x 12 11
x 14 13
x 15 14
x 16 15
x 17 16
x 18 17
x 19 18
x 20 19
x 21 20
x 22 21
x 23 22
x 24 23
x 25 24
x 26 25
x 27 26
x 28 27
x 29 28
x 30 29
x 31 30
x 32 31
x 33 32
x 34 33
x 35 34
x 36 35
x 37 36
x 38 37
x 39 38
x 40 39
x 41 40
x 42 41
x 43 42
x 44 43
x 45 44
x 46 45
x 47 46
Case #70: 200 99
x 2 2
x 3 3
x 4 4
x 5 5
x 6 6
x 7 7
x 8 8
x 9 9
x 10 10
x 11 11
x 12 12
x 13 13
x 14 14
x 15 15
x 16 16
x 17 17
x 18 18
x 19 19
x 20 20
x 21 21
x 22 22
x 23 23
x 24 24
x 25 25
x 26 26
x 27 27
x 28 28
x 29 29
x 30 30
x 31 31
x 32 32
x 33 33
x 34 34
x 35 35
x 36 36
x 37 37
x 38 38
x 39 39
x 40 40
x 41 41
x 42 42
x 43 43
x 44 44
x 45 45
x 46 46
x 47 47
x 48 48
x 49 49
x 50 50
x 51 51
x 52 52
x 53 53
x 54 54
x 55 55
x 56 56
x 57 57
x 58 58
x 59 59
x 60 60
x 61 61
x 62 62
x 63 63
x 64 64
x 65 65
x 66 66
x 67 67
x 68 68
x 69 69
x 70 70
x 71 71
x 72 72
x 73 73
x 74 74
x 75 75
x 76 76
x 77 77
x 78 78
x 79 79
x 80 80
x 81 81
x 82 82
x 83 83
x 84 84
x 85 85
x 86 86
x 87 87
x 88 88
x 89 89
x 90 90
x 91 91
x 92 92
x 93 93
x 94 94
x 95 95
x 96 96
x 97 97
x 98 98
x 99 99
x 100 100
Case #71: 201 196
o 1 1
+ 1 2
+ 1 3
+ 1 4
+ 1 6
+ 1 7
+ 1 8
+ 1 9
+ 1 10
+ 1 11
+ 1 12
+ 1 13
+ 1 14
+ 1 15
+ 1 16
+ 1 17
+ 1 18
+ 1 19
+ 1 20
+ 1 21
+ 1 22
+ 1 23
+ 1 24
+ 1 26
+ 1 27
+ 1 28
+ 1 29
+ 1 30
+ 1 31
+ 1 32
+ 1 33
+ 1 34
+ 1 35
+ 1 36
+ 1 37
+ 1 38
+ 1 40
+ 1 41
+ 1 42
+ 1 43
+ 1 44
+ 1 45
+ 1 46
+ 1 47
+ 1 48
+ 1 49
+ 1 50
+ 1 51
+ 1 52
+ 1 53
+ 1 54
+ 1 55
+ 1 56
+ 1 57
+ 1 58
+ 1 59
+ 1 60
+ 1 61
+ 1 62
+ 1 63
+ 1 64
+ 1 65
+ 1 66
+ 1 67
+ 1 68
+ 1 69
+ 1 70
+ 1 71
+ 1 72
+ 1 73
+ 1 74
+ 1 75
+ 1 76
+ 1 77
+ 1 78
+ 1 79
+ 1 80
+ 1 81
+ 1 82
+ 1 83
+ 1 84
+ 1 85
+ 1 86
+ 1 87
+ 1 88
+ 1 89
+ 1 90
+ 1 91
+ 1 92
+ 1 93
+ 1 94
+ 1 95
+ 1 96
+ 1 97
+ 1 98
+ 1 99
+ 1 100
x 2 2
x 3 3
x 4 4
x 5 5
x 6 6
x 7 7
x 8 8
x 9 9
x 10 10
x 11 11
x 12 12
x 13 13
x 14 14
x 15 15
x 16 16
x 17 17
x 18 18
x 19 19
x 20 20
x 21 21
x 22 22
x 23 23
x 24 24
x 25 25
x 26 26
x 27 27
x 28 28
x 29 29
x 30 30
x 31 31
x 32 32
x 33 33
x 34 34
x 35 35
x 36 36
x 37 37
x 38 38
x 39 39
x 40 40
x 41 41
x 42 42
x 43 43
x 44 44
x 45 45
x 46 46
x 47 47
x 48 48
x 49 49
x 50 50
x 51 51
x 52 52
x 53 53
x 54 54
x 55 55
x 56 56
x 57 57
x 58 58
x 59 59
x 60 60
x 61 61
x 62 62
x 63 63
x 64 64
x 65 65
x 66 66
x 67 67
x 68 68
x 69 69
x 70 70
x 71 71
x 72 72
x 73 73
x 74 74
x 75 75
x 76 76
x 77 77
x 78 78
x 79 79
x 80 80
x 81 81
x 82 82
x 83 83
x 84 84
x 85 85
x 86 86
x 87 87
x 88 88
x 89 89
x 90 90
x 91 91
x 92 92
x 93 93
x 94 94
x 95 95
x 96 96
x 97 97
x 98 98
x 99 99
x 100 100
Case #72: 185 181
+ 1 1
+ 1 2
+ 1 3
+ 1 4
+ 1 5
+ 1 6
+ 1 7
+ 1 8
+ 1 9
+ 1 10
+ 1 11
+ 1 12
+ 1 13
+ 1 14
+ 1 15
+ 1 16
+ 1 17
+ 1 18
+ 1 19
+ 1 20
+ 1 21
+ 1 22
+ 1 23
+ 1 24
+ 1 25
+ 1 26
+ 1 27
+ 1 28
+ 1 29
+ 1 30
+ 1 31
+ 1 32
+ 1 33
+ 1 34
+ 1 35
+ 1 36
+ 1 37
+ 1 38
+ 1 39
+ 1 40
+ 1 41
+ 1 42
+ 1 43
+ 1 44
+ 1 45
+ 1 46
+ 1 47
+ 1 48
+ 1 49
+ 1 51
+ 1 52
+ 1 53
+ 1 55
+ 1 56
+ 1 57
+ 1 58
+ 1 59
+ 1 60
+ 1 61
+ 1 62
+ 1 63
+ 1 64
+ 1 65
+ 1 66
+ 1 67
+ 1 68
+ 1 69
+ 1 70
+ 1 71
+ 1 72
+ 1 73
+ 1 74
+ 1 75
+ 1 76
+ 1 77
+ 1 78
+ 1 79
+ 1 80
+ 1 81
+ 1 82
+ 1 83
+ 1 84
+ 1 85
+ 1 86
+ 1 87
+ 1 88
+ 1 89
+ 1 90
+ 1 91
+ 1 92
o 2 1
x 3 2
x 4 3
x 5 4
x 6 5
x 7 6
x 8 7
x 9 8
x 10 9
x 11 10
x 12 11
x 13 12
x 14 13
x 15 14
x 16 15
x 17 16
x 18 17
x 19 18
x 20 19
x 21 20
x 22 21
x 23 22
x 24 23
x 25 24
x 26 25
x 27 26
x 28 27
x 29 28
x 30 29
x 31 30
x 32 31
x 33 32
x 34 33
x 35 34
x 36 35
x 37 36
x 38 37
x 39 38
x 40 39
x 41 40
x 42 41
x 43 42
x 44 43
x 45 44
x 46 45
x 47 46
x 48 47
x 49 48
x 50 49
x 51 50
x 52 51
x 53 52
x 54 53
x 56 55
x 57 56
x 58 57
x 59 58
x 60 59
x 61 60
x 62 61
x 63 62
x 64 63
x 65 64
x 66 65
x 67 66
x 68 67
x 69 68
x 70 69
x 71 70
x 72 71
x 73 72
x 74 73
x 75 74
x 76 75
x 77 76
x 78 77
x 79 78
x 80 79
x 81 80
x 82 81
x 83 82
x 84 83
x 85 84
x 86 85
x 87 86
x 88 87
x 89 88
x 90 89
x 91 90
x 92 91
x 93 92
Case #73: 201 193
+ 1 2
+ 1 3
+ 1 4
+ 1 6
+ 1 7
+ 1 8
+ 1 10
+ 1 12
+ 1 14
+ 1 16
+ 1 17
+ 1 18
+ 1 19
+ 1 20
+ 1 21
+ 1 22
+ 1 23
+ 1 24
+ 1 25
+ 1 26
+ 1 27
+ 1 28
+ 1 29
+ 1 30
+ 1 31
+ 1 32
+ 1 33
+ 1 34
+ 1 35
+ 1 36
+ 1 37
+ 1 38
+ 1 39
+ 1 40
+ 1 41
+ 1 42
+ 1 43
+ 1 44
+ 1 45
+ 1 46
+ 1 47
+ 1 48
+ 1 49
+ 1 50
+ 1 51
+ 1 52
+ 1 53
+ 1 54
+ 1 55
+ 1 56
+ 1 57
+ 1 58
+ 1 59
+ 1 60
+ 1 61
+ 1 62
+ 1 63
+ 1 64
+ 1 65
+ 1 66
+ 1 67
+ 1 68
+ 1 69
+ 1 70
+ 1 71
+ 1 72
+ 1 73
+ 1 74
+ 1 75
+ 1 76
+ 1 77
+ 1 78
+ 1 79
+ 1 80
+ 1 81
+ 1 82
+ 1 83
+ 1 84
+ 1 85
+ 1 86
+ 1 87
+ 1 88
+ 1 89
+ 1 90
+ 1 91
+ 1 92
+ 1 93
+ 1 94
+ 1 95
+ 1 96
+ 1 97
+ 1 98
+ 1 99
+ 1 100
o 2 1
x 3 2
x 4 3
x 5 4
x 6 5
x 7 6
x 8 7
x 9 8
x 10 9
x 11 10
x 13 12
x 14 13
x 15 14
x 16 15
x 17 16
x 18 17
x 19 18
x 20 19
x 21 20
x 22 21
x 23 22
x 24 23
x 25 24
x 26 25
x 27 26
x 28 27
x 29 28
x 30 29
x 31 30
x 32 31
x 33 32
x 34 33
x 35 34
x 36 35
x 37 36
x 38 37
x 39 38
x 40 39
x 41 40
x 42 41
x 43 42
x 44 43
x 45 44
x 46 45
x 47 46
x 48 47
x 49 48
x 50 49
x 51 50
x 52 51
x 53 52
x 54 53
x 55 54
x 56 55
x 57 56
x 58 57
x 59 58
x 60 59
x 61 60
x 62 61
x 63 62
x 64 63
x 65 64
x 66 65
x 67 66
x 68 67
x 69 68
x 70 69
x 71 70
x 72 71
x 73 72
x 74 73
x 75 74
x 76 75
x 77 76
x 78 77
x 79 78
x 80 79
x 81 80
x 82 81
x 83 82
x 84 83
x 85 84
x 86 85
x 87 86
x 88 87
x 89 88
x 90 89
x 91 90
x 92 91
x 93 92
x 94 93
x 95 94
x 96 95
x 97 96
x 98 97
x 99 98
x 100 99
x 101 100
Case #74: 200 199
o 1 1
+ 1 2
+ 1 3
+ 1 4
+ 1 5
+ 1 6
+ 1 7
+ 1 8
+ 1 9
+ 1 10
+ 1 11
+ 1 12
+ 1 13
+ 1 14
+ 1 15
+ 1 16
+ 1 17
+ 1 18
+ 1 19
+ 1 20
+ 1 21
+ 1 22
+ 1 23
+ 1 24
+ 1 25
+ 1 26
+ 1 27
+ 1 28
+ 1 29
+ 1 30
+ 1 31
+ 1 32
+ 1 33
+ 1 34
+ 1 35
+ 1 36
+ 1 37
+ 1 38
+ 1 39
+ 1 40
+ 1 41
+ 1 42
+ 1 43
+ 1 44
+ 1 45
+ 1 46
+ 1 47
+ 1 48
+ 1 49
+ 1 50
+ 1 51
+ 1 52
+ 1 53
+ 1 54
+ 1 55
+ 1 56
+ 1 57
+ 1 58
+ 1 59
+ 1 60
+ 1 61
+ 1 62
+ 1 63
+ 1 64
+ 1 65
+ 1 66
+ 1 67
+ 1 68
+ 1 69
+ 1 70
+ 1 71
+ 1 72
+ 1 73
+ 1 74
+ 1 75
+ 1 76
+ 1 77
+ 1 78
+ 1 79
+ 1 80
+ 1 81
+ 1 82
+ 1 83
+ 1 84
+ 1 85
+ 1 86
+ 1 87
+ 1 88
+ 1 89
+ 1 90
+ 1 91
+ 1 92
+ 1 93
+ 1 94
+ 1 95
+ 1 96
+ 1 97
+ 1 98
+ 1 99
+ 1 100
x 2 2
x 3 3
x 4 4
x 5 5
x 6 6
x 7 7
x 8 8
x 9 9
x 10 10
x 11 11
x 12 12
x 13 13
x 14 14
x 15 15
x 16 16
x 17 17
x 18 18
x 19 19
x 20 20
x 21 21
x 22 22
x 23 23
x 24 24
x 25 25
x 26 26
x 27 27
x 28 28
x 29 29
x 30 30
x 31 31
x 32 32
x 33 33
x 34 34
x 35 35
x 36 36
x 37 37
x 38 38
x 39 39
x 40 40
x 41 41
x 42 42
x 43 43
x 44 44
x 45 45
x 46 46
x 47 47
x 48 48
x 49 49
x 50 50
x 51 51
x 52 52
x 53 53
x 54 54
x 55 55
x 56 56
x 57 57
x 58 58
x 59 59
x 60 60
x 61 61
x 62 62
x 63 63
x 64 64
x 65 65
x 66 66
x 67 67
x 68 68
x 69 69
x 70 70
x 71 71
x 72 72
x 73 73
x 74 74
x 75 75
x 76 76
x 77 77
x 78 78
x 79 79
x 80 80
x 81 81
x 82 82
x 83 83
x 84 84
x 85 85
x 86 86
x 87 87
x 88 88
x 89 89
x 90 90
x 91 91
x 92 92
x 93 93
x 94 94
x 95 95
x 96 96
x 97 97
x 98 98
x 99 99
x 100 100
Case #75: 201 196
o 1 1
+ 1 2
+ 1 3
+ 1 4
+ 1 5
+ 1 6
+ 1 7
+ 1 8
+ 1 9
+ 1 11
+ 1 12
+ 1 13
+ 1 14
+ 1 15
+ 1 16
+ 1 17
+ 1 18
+ 1 19
+ 1 20
+ 1 21
+ 1 22
+ 1 23
+ 1 24
+ 1 25
+ 1 26
+ 1 27
+ 1 28
+ 1 29
+ 1 30
+ 1 31
+ 1 32
+ 1 33
+ 1 34
+ 1 35
+ 1 36
+ 1 37
+ 1 38
+ 1 39
+ 1 40
+ 1 41
+ 1 42
+ 1 43
+ 1 44
+ 1 45
+ 1 46
+ 1 48
+ 1 49
+ 1 50
+ 1 51
+ 1 52
+ 1 53
+ 1 54
+ 1 55
+ 1 56
+ 1 57
+ 1 58
+ 1 59
+ 1 60
+ 1 61
+ 1 62
+ 1 63
+ 1 64
+ 1 65
+ 1 66
+ 1 67
+ 1 69
+ 1 70
+ 1 71
+ 1 72
+ 1 73
+ 1 74
+ 1 75
+ 1 76
+ 1 77
+ 1 78
+ 1 79
+ 1 80
+ 1 81
+ 1 82
+ 1 83
+ 1 84
+ 1 85
+ 1 86
+ 1 87
+ 1 88
+ 1 89
+ 1 90
+ 1 91
+ 1 92
+ 1 93
+ 1 94
+ 1 95
+ 1 96
+ 1 97
+ 1 98
+ 1 99
+ 1 100
x 2 2
x 3 3
x 4 4
x 5 5
x 6 6
x 7 7
x 8 8
x 9 9
x 10 10
x 11 11
x 12 12
x 13 13
x 14 14
x 15 15
x 16 16
x 17 17
x 18 18
x 19 19
x 20 20
x 21 21
x 22 22
x 23 23
x 24 24
x 25 25
x 26 26
x 27 27
x 28 28
x 29 29
x 30 30
x 31 31
x 32 32
x 33 33
x 34 34
x 35 35
x 36 36
x 37 37
x 38 38
x 39 39
x 40 40
x 41 41
x 42 42
x 43 43
x 44 44
x 45 45
x 46 46
x 47 47
x 48 48
x 49 49
x 50 50
x 51 51
x 52 52
x 53 53
x 54 54
x 55 55
x 56 56
x 57 57
x 58 58
x 59 59
x 60 60
x 61 61
x 62 62
x 63 63
x 64 64
x 65 65
x 66 66
x 67 67
x 68 68
x 69 69
x 70 70
x 71 71
x 72 72
x 73 73
x 74 74
x 75 75
x 76 76
x 77 77
x 78 78
x 79 79
x 80 80
x 81 81
x 82 82
x 83 83
x 84 84
x 85 85
x 86 86
x 87 87
x 88 88
x 89 89
x 90 90
x 91 91
x 92 92
x 93 93
x 94 94
x 95 95
x 96 96
x 97 97
x 98 98
x 99 99
x 100 100
Case #76: 99 96
o 1 38
+ 1 1
+ 1 2
+ 1 3
+ 1 4
+ 1 5
+ 1 6
+ 1 7
+ 1 8
+ 1 9
+ 1 10
+ 1 11
+ 1 12
+ 1 13
+ 1 14
+ 1 15
+ 1 16
+ 1 17
+ 1 18
+ 1 19
+ 1 20
+ 1 21
+ 1 22
+ 1 23
+ 1 25
+ 1 26
+ 1 27
+ 1 28
+ 1 29
+ 1 30
+ 1 31
+ 1 32
+ 1 33
+ 1 34
+ 1 35
+ 1 36
+ 1 37
+ 1 39
+ 1 40
+ 1 41
+ 1 42
+ 1 43
+ 1 44
+ 1 45
+ 1 46
+ 1 47
+ 1 48
+ 1 49
o 2 1
x 3 2
x 4 3
x 5 4
x 6 5
x 7 6
x 8 7
x 9 8
x 10 9
x 11 10
x 12 11
x 13 12
x 14 13
x 15 14
x 16 15
x 17 16
x 18 17
x 19 18
x 20 19
x 21 20
x 22 21
x 23 22
x 24 23
x 25 24
x 26 25
x 27 26
x 28 27
x 29 28
x 30 29
x 31 30
x 32 31
x 33 32
x 34 33
x 35 34
x 36 35
x 37 36
x 38 37
x 40 39
x 41 40
x 42 41
x 43 42
x 44 43
x 45 44
x 46 45
x 47 46
x 48 47
x 49 48
x 50 49
Case #77: 201 99
o 2 1
x 4 3
x 5 4
x 6 5
x 7 6
x 8 7
x 9 8
x 10 9
x 11 10
x 12 11
x 13 12
x 14 13
x 15 14
x 16 15
x 17 16
x 18 17
x 19 18
x 20 19
x 21 20
x 22 21
x 23 22
x 24 23
x 25 24
x 26 25
x 27 26
x 28 27
x 29 28
x 30 29
x 31 30
x 32 31
x 33 32
x 34 33
x 35 34
x 36 35
x 37 36
x 38 37
x 39 38
x 40 39
x 41 40
x 42 41
x 43 42
x 44 43
x 45 44
x 46 45
x 47 46
x 48 47
x 49 48
x 50 49
x 51 50
x 52 51
x 53 52
x 54 53
x 55 54
x 56 55
x 57 56
x 58 57
x 59 58
x 60 59
x 61 60
x 62 61
x 63 62
x 64 63
x 65 64
x 66 65
x 67 66
x 68 67
x 69 68
x 70 69
x 71 70
x 72 71
x 73 72
x 74 73
x 75 74
x 76 75
x 77 76
x 78 77
x 79 78
x 80 79
x 81 80
x 82 81
x 83 82
x 84 83
x 85 84
x 86 85
x 87 86
x 88 87
x 89 88
x 90 89
x 91 90
x 92 91
x 93 92
x 94 93
x 95 94
x 96 95
x 97 96
x 98 97
x 99 98
x 100 99
x 101 100
Case #78: 83 79
o 1 29
+ 1 1
+ 1 2
+ 1 3
+ 1 4
+ 1 5
+ 1 6
+ 1 7
+ 1 8
+ 1 9
+ 1 10
+ 1 11
+ 1 12
+ 1 13
+ 1 14
+ 1 15
+ 1 16
+ 1 17
+ 1 18
+ 1 19
+ 1 20
+ 1 21
+ 1 22
+ 1 23
+ 1 24
+ 1 25
+ 1 26
+ 1 27
+ 1 30
+ 1 31
+ 1 32
+ 1 33
+ 1 35
+ 1 36
+ 1 37
+ 1 38
+ 1 39
+ 1 40
+ 1 41
o 2 1
x 3 2
x 4 3
x 5 4
x 6 5
x 7 6
x 8 7
x 9 8
x 10 9
x 11 10
x 12 11
x 13 12
x 14 13
x 15 14
x 16 15
x 17 16
x 18 17
x 19 18
x 20 19
x 21 20
x 22 21
x 23 22
x 24 23
x 25 24
x 26 25
x 27 26
x 28 27
x 29 28
x 31 30
x 32 31
x 33 32
x 34 33
x 35 34
x 36 35
x 37 36
x 38 37
x 39 38
x 40 39
x 41 40
x 42 41
Case #79: 65 60
+ 1 1
+ 1 2
+ 1 3
+ 1 4
+ 1 5
+ 1 6
+ 1 7
+ 1 8
+ 1 9
+ 1 11
+ 1 12
+ 1 13
+ 1 14
+ 1 15
+ 1 16
+ 1 17
+ 1 18
+ 1 19
+ 1 21
+ 1 22
+ 1 23
+ 1 24
+ 1 25
+ 1 27
+ 1 28
+ 1 29
+ 1 30
+ 1 31
+ 1 32
o 2 1
x 3 2
x 4 3
x 5 4
x 6 5
x 7 6
x 8 7
x 9 8
x 10 9
x 12 11
x 13 12
x 14 13
x 15 14
x 16 15
x 17 16
x 18 17
x 19 18
x 20 19
x 21 20
x 22 21
x 23 22
x 24 23
x 25 24
x 26 25
x 27 26
x 28 27
x 29 28
x 30 29
x 31 30
x 32 31
x 33 32
Case #80: 27 21
+ 1 1
+ 1 2
+ 1 3
+ 1 5
+ 1 6
+ 1 7
+ 1 9
+ 1 11
+ 1 12
o 2 1
x 3 2
x 4 3
x 5 4
x 6 5
x 7 6
x 8 7
x 10 9
x 11 10
x 12 11
x 13 12
x 14 13
Case #81: 45 40
+ 1 1
+ 1 2
+ 1 3
+ 1 4
+ 1 5
+ 1 6
+ 1 7
+ 1 8
+ 1 10
+ 1 11
+ 1 12
+ 1 13
+ 1 14
+ 1 15
+ 1 16
+ 1 18
+ 1 20
+ 1 21
+ 1 22
o 2 1
x 3 2
x 4 3
x 5 4
x 6 5
x 7 6
x 8 7
x 9 8
x 11 10
x 12 11
x 13 12
x 14 13
x 15 14
x 16 15
x 17 16
x 18 17
x 19 18
x 20 19
x 21 20
x 22 21
x 23 22
Case #82: 201 195
o 1 1
+ 1 2
+ 1 3
+ 1 4
+ 1 5
+ 1 6
+ 1 7
+ 1 8
+ 1 9
+ 1 10
+ 1 11
+ 1 12
+ 1 15
+ 1 16
+ 1 17
+ 1 18
+ 1 19
+ 1 20
+ 1 21
+ 1 22
+ 1 23
+ 1 24
+ 1 25
+ 1 26
+ 1 27
+ 1 28
+ 1 29
+ 1 30
+ 1 31
+ 1 32
+ 1 33
+ 1 34
+ 1 35
+ 1 36
+ 1 37
+ 1 38
+ 1 39
+ 1 40
+ 1 41
+ 1 42
+ 1 43
+ 1 44
+ 1 45
+ 1 46
+ 1 48
+ 1 49
+ 1 50
+ 1 51
+ 1 52
+ 1 53
+ 1 54
+ 1 55
+ 1 56
+ 1 58
+ 1 59
+ 1 60
+ 1 61
+ 1 62
+ 1 63
+ 1 64
+ 1 65
+ 1 66
+ 1 67
+ 1 68
+ 1 69
+ 1 70
+ 1 71
+ 1 72
+ 1 73
+ 1 74
+ 1 75
+ 1 76
+ 1 77
+ 1 78
+ 1 79
+ 1 80
+ 1 81
+ 1 82
+ 1 83
+ 1 84
+ 1 85
+ 1 86
+ 1 87
+ 1 88
+ 1 89
+ 1 90
+ 1 91
+ 1 92
+ 1 93
+ 1 94
+ 1 95
+ 1 96
+ 1 97
+ 1 98
+ 1 99
+ 1 100
x 2 2
x 3 3
x 4 4
x 5 5
x 6 6
x 7 7
x 8 8
x 9 9
x 10 10
x 11 11
x 12 12
x 13 13
x 14 14
x 15 15
x 16 16
x 17 17
x 18 18
x 19 19
x 20 20
x 21 21
x 22 22
x 23 23
x 24 24
x 25 25
x 26 26
x 27 27
x 28 28
x 29 29
x 30 30
x 31 31
x 32 32
x 33 33
x 34 34
x 35 35
x 36 36
x 37 37
x 38 38
x 39 39
x 40 40
x 41 41
x 42 42
x 43 43
x 44 44
x 45 45
x 46 46
x 47 47
x 48 48
x 49 49
x 50 50
x 51 51
x 52 52
x 53 53
x 54 54
x 55 55
x 56 56
x 57 57
x 58 58
x 59 59
x 60 60
x 61 61
x 62 62
x 63 63
x 64 64
x 65 65
x 66 66
x 67 67
x 68 68
x 69 69
x 70 70
x 71 71
x 72 72
x 73 73
x 74 74
x 75 75
x 76 76
x 77 77
x 78 78
x 79 79
x 80 80
x 81 81
x 82 82
x 83 83
x 84 84
x 85 85
x 86 86
x 87 87
x 88 88
x 89 89
x 90 90
x 91 91
x 92 92
x 93 93
x 94 94
x 95 95
x 96 96
x 97 97
x 98 98
x 99 99
x 100 100
Case #83: 198 197
o 1 1
+ 1 2
+ 1 3
+ 1 4
+ 1 5
+ 1 6
+ 1 7
+ 1 8
+ 1 9
+ 1 10
+ 1 11
+ 1 12
+ 1 13
+ 1 14
+ 1 15
+ 1 16
+ 1 17
+ 1 18
+ 1 19
+ 1 20
+ 1 21
+ 1 22
+ 1 23
+ 1 24
+ 1 25
+ 1 26
+ 1 27
+ 1 28
+ 1 29
+ 1 30
+ 1 31
+ 1 32
+ 1 33
+ 1 34
+ 1 35
+ 1 36
+ 1 37
+ 1 38
+ 1 39
+ 1 40
+ 1 41
+ 1 42
+ 1 43
+ 1 44
+ 1 45
+ 1 46
+ 1 47
+ 1 48
+ 1 49
+ 1 50
+ 1 51
+ 1 52
+ 1 53
+ 1 54
+ 1 55
+ 1 56
+ 1 57
+ 1 58
+ 1 59
+ 1 60
+ 1 61
+ 1 62
+ 1 63
+ 1 64
+ 1 65
+ 1 66
+ 1 67
+ 1 68
+ 1 69
+ 1 70
+ 1 71
+ 1 72
+ 1 73
+ 1 74
+ 1 75
+ 1 76
+ 1 77
+ 1 78
+ 1 79
+ 1 80
+ 1 81
+ 1 82
+ 1 83
+ 1 84
+ 1 85
+ 1 86
+ 1 87
+ 1 88
+ 1 89
+ 1 90
+ 1 91
+ 1 92
+ 1 93
+ 1 94
+ 1 95
+ 1 96
+ 1 97
+ 1 98
+ 1 99
x 2 2
x 3 3
x 4 4
x 5 5
x 6 6
x 7 7
x 8 8
x 9 9
x 10 10
x 11 11
x 12 12
x 13 13
x 14 14
x 15 15
x 16 16
x 17 17
x 18 18
x 19 19
x 20 20
x 21 21
x 22 22
x 23 23
x 24 24
x 25 25
x 26 26
x 27 27
x 28 28
x 29 29
x 30 30
x 31 31
x 32 32
x 33 33
x 34 34
x 35 35
x 36 36
x 37 37
x 38 38
x 39 39
x 40 40
x 41 41
x 42 42
x 43 43
x 44 44
x 45 45
x 46 46
x 47 47
x 48 48
x 49 49
x 50 50
x 51 51
x 52 52
x 53 53
x 54 54
x 55 55
x 56 56
x 57 57
x 58 58
x 59 59
x 60 60
x 61 61
x 62 62
x 63 63
x 64 64
x 65 65
x 66 66
x 67 67
x 68 68
x 69 69
x 70 70
x 71 71
x 72 72
x 73 73
x 74 74
x 75 75
x 76 76
x 77 77
x 78 78
x 79 79
x 80 80
x 81 81
x 82 82
x 83 83
x 84 84
x 85 85
x 86 86
x 87 87
x 88 88
x 89 89
x 90 90
x 91 91
x 92 92
x 93 93
x 94 94
x 95 95
x 96 96
x 97 97
x 98 98
x 99 99
Case #84: 201 199
o 1 94
+ 1 1
+ 1 2
+ 1 3
+ 1 4
+ 1 5
+ 1 6
+ 1 7
+ 1 8
+ 1 9
+ 1 10
+ 1 11
+ 1 12
+ 1 13
+ 1 14
+ 1 15
+ 1 16
+ 1 17
+ 1 18
+ 1 19
+ 1 20
+ 1 21
+ 1 22
+ 1 23
+ 1 24
+ 1 25
+ 1 26
+ 1 27
+ 1 28
+ 1 29
+ 1 30
+ 1 31
+ 1 32
+ 1 33
+ 1 34
+ 1 35
+ 1 36
+ 1 37
+ 1 38
+ 1 39
+ 1 40
+ 1 41
+ 1 42
+ 1 43
+ 1 44
+ 1 45
+ 1 46
+ 1 47
+ 1 48
+ 1 49
+ 1 50
+ 1 51
+ 1 52
+ 1 53
+ 1 54
+ 1 55
+ 1 56
+ 1 57
+ 1 58
+ 1 59
+ 1 60
+ 1 61
+ 1 62
+ 1 63
+ 1 64
+ 1 65
+ 1 66
+ 1 67
+ 1 68
+ 1 69
+ 1 70
+ 1 71
+ 1 72
+ 1 73
+ 1 74
+ 1 75
+ 1 76
+ 1 77
+ 1 78
+ 1 79
+ 1 80
+ 1 81
+ 1 82
+ 1 83
+ 1 84
+ 1 85
+ 1 86
+ 1 87
+ 1 88
+ 1 89
+ 1 90
+ 1 91
+ 1 92
+ 1 93
+ 1 95
+ 1 96
+ 1 97
+ 1 98
+ 1 99
+ 1 100
o 2 1
x 3 2
x 4 3
x 5 4
x 6 5
x 7 6
x 8 7
x 9 8
x 10 9
x 11 10
x 12 11
x 13 12
x 14 13
x 15 14
x 16 15
x 17 16
x 18 17
x 19 18
x 20 19
x 21 20
x 22 21
x 23 22
x 24 23
x 25 24
x 26 25
x 27 26
x 28 27
x 29 28
x 30 29
x 31 30
x 32 31
x 33 32
x 34 33
x 35 34
x 36 35
x 37 36
x 38 37
x 39 38
x 40 39
x 41 40
x 42 41
x 43 42
x 44 43
x 45 44
x 46 45
x 47 46
x 48 47
x 49 48
x 50 49
x 51 50
x 52 51
x 53 52
x 54 53
x 55 54
x 56 55
x 57 56
x 58 57
x 59 58
x 60 59
x 61 60
x 62 61
x 63 62
x 64 63
x 65 64
x 66 65
x 67 66
x 68 67
x 69 68
x 70 69
x 71 70
x 72 71
x 73 72
x 74 73
x 75 74
x 76 75
x 77 76
x 78 77
x 79 78
x 80 79
x 81 80
x 82 81
x 83 82
x 84 83
x 85 84
x 86 85
x 87 86
x 88 87
x 89 88
x 90 89
x 91 90
x 92 91
x 93 92
x 94 93
x 96 95
x 97 96
x 98 97
x 99 98
x 100 99
x 101 100
Case #85: 55 49
+ 1 1
+ 1 2
+ 1 3
+ 1 4
+ 1 5
+ 1 6
+ 1 7
+ 1 8
+ 1 9
+ 1 10
+ 1 12
+ 1 13
+ 1 14
+ 1 15
+ 1 16
+ 1 19
+ 1 20
+ 1 21
+ 1 23
+ 1 24
+ 1 25
+ 1 26
+ 1 27
o 2 1
x 3 2
x 4 3
x 5 4
x 6 5
x 7 6
x 8 7
x 9 8
x 10 9
x 11 10
x 12 11
x 13 12
x 14 13
x 15 14
x 16 15
x 17 16
x 18 17
x 19 18
x 20 19
x 21 20
x 22 21
x 24 23
x 25 24
x 26 25
x 27 26
x 28 27
Case #86: 173 169
o 1 58
+ 1 1
+ 1 2
+ 1 3
+ 1 4
+ 1 5
+ 1 6
+ 1 7
+ 1 8
+ 1 9
+ 1 10
+ 1 11
+ 1 12
+ 1 13
+ 1 14
+ 1 15
+ 1 16
+ 1 17
+ 1 18
+ 1 19
+ 1 20
+ 1 21
+ 1 22
+ 1 23
+ 1 24
+ 1 25
+ 1 26
+ 1 27
+ 1 28
+ 1 29
+ 1 30
+ 1 31
+ 1 32
+ 1 33
+ 1 34
+ 1 35
+ 1 37
+ 1 38
+ 1 39
+ 1 40
+ 1 41
+ 1 42
+ 1 43
+ 1 45
+ 1 46
+ 1 47
+ 1 48
+ 1 49
+ 1 50
+ 1 51
+ 1 52
+ 1 53
+ 1 54
+ 1 55
+ 1 56
+ 1 57
+ 1 59
+ 1 60
+ 1 61
+ 1 62
+ 1 63
+ 1 64
+ 1 65
+ 1 66
+ 1 67
+ 1 68
+ 1 69
+ 1 70
+ 1 71
+ 1 72
+ 1 73
+ 1 74
+ 1 75
+ 1 76
+ 1 77
+ 1 78
+ 1 79
+ 1 80
+ 1 81
+ 1 82
+ 1 83
+ 1 84
+ 1 85
+ 1 86
o 2 1
x 3 2
x 4 3
x 5 4
x 6 5
x 7 6
x 8 7
x 9 8
x 10 9
x 11 10
x 12 11
x 13 12
x 14 13
x 15 14
x 16 15
x 17 16
x 18 17
x 19 18
x 20 19
x 21 20
x 22 21
x 23 22
x 24 23
x 25 24
x 26 25
x 27 26
x 28 27
x 29 28
x 30 29
x 31 30
x 32 31
x 33 32
x 34 33
x 35 34
x 36 35
x 37 36
x 38 37
x 39 38
x 40 39
x 41 40
x 42 41
x 43 42
x 44 43
x 45 44
x 46 45
x 47 46
x 48 47
x 49 48
x 50 49
x 51 50
x 52 51
x 53 52
x 54 53
x 55 54
x 56 55
x 57 56
x 58 57
x 60 59
x 61 60
x 62 61
x 63 62
x 64 63
x 65 64
x 66 65
x 67 66
x 68 67
x 69 68
x 70 69
x 71 70
x 72 71
x 73 72
x 74 73
x 75 74
x 76 75
x 77 76
x 78 77
x 79 78
x 80 79
x 81 80
x 82 81
x 83 82
x 84 83
x 85 84
x 86 85
x 87 86
Case #87: 201 196
o 1 1
+ 1 2
+ 1 3
+ 1 4
+ 1 5
+ 1 6
+ 1 7
+ 1 8
+ 1 9
+ 1 10
+ 1 12
+ 1 13
+ 1 14
+ 1 15
+ 1 16
+ 1 17
+ 1 19
+ 1 20
+ 1 21
+ 1 22
+ 1 23
+ 1 24
+ 1 25
+ 1 26
+ 1 27
+ 1 28
+ 1 29
+ 1 30
+ 1 31
+ 1 32
+ 1 33
+ 1 34
+ 1 35
+ 1 36
+ 1 37
+ 1 38
+ 1 39
+ 1 40
+ 1 41
+ 1 42
+ 1 43
+ 1 44
+ 1 45
+ 1 46
+ 1 47
+ 1 48
+ 1 49
+ 1 50
+ 1 51
+ 1 52
+ 1 53
+ 1 54
+ 1 55
+ 1 56
+ 1 57
+ 1 58
+ 1 59
+ 1 60
+ 1 61
+ 1 62
+ 1 63
+ 1 64
+ 1 65
+ 1 66
+ 1 67
+ 1 68
+ 1 69
+ 1 70
+ 1 71
+ 1 72
+ 1 73
+ 1 74
+ 1 75
+ 1 76
+ 1 77
+ 1 78
+ 1 79
+ 1 80
+ 1 81
+ 1 82
+ 1 83
+ 1 84
+ 1 85
+ 1 86
+ 1 87
+ 1 89
+ 1 90
+ 1 91
+ 1 92
+ 1 93
+ 1 94
+ 1 95
+ 1 96
+ 1 97
+ 1 98
+ 1 99
+ 1 100
x 2 2
x 3 3
x 4 4
x 5 5
x 6 6
x 7 7
x 8 8
x 9 9
x 10 10
x 11 11
x 12 12
x 13 13
x 14 14
x 15 15
x 16 16
x 17 17
x 18 18
x 19 19
x 20 20
x 21 21
x 22 22
x 23 23
x 24 24
x 25 25
x 26 26
x 27 27
x 28 28
x 29 29
x 30 30
x 31 31
x 32 32
x 33 33
x 34 34
x 35 35
x 36 36
x 37 37
x 38 38
x 39 39
x 40 40
x 41 41
x 42 42
x 43 43
x 44 44
x 45 45
x 46 46
x 47 47
x 48 48
x 49 49
x 50 50
x 51 51
x 52 52
x 53 53
x 54 54
x 55 55
x 56 56
x 57 57
x 58 58
x 59 59
x 60 60
x 61 61
x 62 62
x 63 63
x 64 64
x 65 65
x 66 66
x 67 67
x 68 68
x 69 69
x 70 70
x 71 71
x 72 72
x 73 73
x 74 74
x 75 75
x 76 76
x 77 77
x 78 78
x 79 79
x 80 80
x 81 81
x 82 82
x 83 83
x 84 84
x 85 85
x 86 86
x 87 87
x 88 88
x 89 89
x 90 90
x 91 91
x 92 92
x 93 93
x 94 94
x 95 95
x 96 96
x 97 97
x 98 98
x 99 99
x 100 100
Case #88: 201 193
o 1 76
+ 1 2
+ 1 4
+ 1 5
+ 1 7
+ 1 8
+ 1 9
+ 1 10
+ 1 11
+ 1 12
+ 1 13
+ 1 14
+ 1 15
+ 1 16
+ 1 17
+ 1 18
+ 1 19
+ 1 20
+ 1 21
+ 1 22
+ 1 23
+ 1 24
+ 1 26
+ 1 27
+ 1 28
+ 1 29
+ 1 30
+ 1 31
+ 1 32
+ 1 33
+ 1 34
+ 1 36
+ 1 37
+ 1 38
+ 1 39
+ 1 40
+ 1 41
+ 1 42
+ 1 43
+ 1 44
+ 1 45
+ 1 46
+ 1 47
+ 1 48
+ 1 49
+ 1 50
+ 1 51
+ 1 52
+ 1 53
+ 1 55
+ 1 56
+ 1 57
+ 1 58
+ 1 59
+ 1 60
+ 1 61
+ 1 62
+ 1 63
+ 1 64
+ 1 65
+ 1 66
+ 1 67
+ 1 68
+ 1 69
+ 1 70
+ 1 71
+ 1 72
+ 1 73
+ 1 74
+ 1 75
+ 1 77
+ 1 78
+ 1 79
+ 1 80
+ 1 81
+ 1 82
+ 1 83
+ 1 84
+ 1 85
+ 1 86
+ 1 87
+ 1 88
+ 1 89
+ 1 90
+ 1 91
+ 1 92
+ 1 93
+ 1 94
+ 1 95
+ 1 96
+ 1 97
+ 1 98
+ 1 99
+ 1 100
o 2 1
x 3 2
x 4 3
x 5 4
x 6 5
x 7 6
x 8 7
x 9 8
x 10 9
x 11 10
x 12 11
x 13 12
x 14 13
x 15 14
x 16 15
x 17 16
x 18 17
x 19 18
x 20 19
x 21 20
x 22 21
x 23 22
x 24 23
x 25 24
x 26 25
x 27 26
x 28 27
x 29 28
x 30 29
x 31 30
x 32 31
x 33 32
x 34 33
x 35 34
x 36 35
x 37 36
x 38 37
x 39 38
x 40 39
x 41 40
x 42 41
x 43 42
x 44 43
x 45 44
x 46 45
x 47 46
x 48 47
x 49 48
x 50 49
x 51 50
x 52 51
x 53 52
x 54 53
x 55 54
x 56 55
x 57 56
x 58 57
x 59 58
x 60 59
x 61 60
x 62 61
x 63 62
x 64 63
x 65 64
x 66 65
x 67 66
x 68 67
x 69 68
x 70 69
x 71 70
x 72 71
x 73 72
x 74 73
x 75 74
x 76 75
x 78 77
x 79 78
x 80 79
x 81 80
x 82 81
x 83 82
x 84 83
x 85 84
x 86 85
x 87 86
x 88 87
x 89 88
x 90 89
x 91 90
x 92 91
x 93 92
x 94 93
x 95 94
x 96 95
x 97 96
x 98 97
x 99 98
x 100 99
x 101 100
Case #89: 17 15
o 1 7
+ 1 1
+ 1 2
+ 1 3
+ 1 4
+ 1 5
+ 1 6
+ 1 8
o 2 1
x 3 2
x 4 3
x 5 4
x 6 5
x 7 6
x 9 8
Case #90: 39 34
+ 1 1
+ 1 2
+ 1 3
+ 1 4
+ 1 5
+ 1 6
+ 1 7
+ 1 8
+ 1 9
+ 1 13
+ 1 14
+ 1 15
+ 1 16
+ 1 17
+ 1 18
+ 1 19
o 2 1
x 3 2
x 4 3
x 5 4
x 6 5
x 7 6
x 8 7
x 9 8
x 10 9
x 12 11
x 13 12
x 14 13
x 15 14
x 16 15
x 17 16
x 18 17
x 19 18
x 20 19
Case #91: 181 177
+ 1 1
+ 1 2
+ 1 3
+ 1 4
+ 1 5
+ 1 6
+ 1 7
+ 1 9
+ 1 10
+ 1 11
+ 1 12
+ 1 13
+ 1 14
+ 1 15
+ 1 17
+ 1 18
+ 1 19
+ 1 20
+ 1 21
+ 1 22
+ 1 23
+ 1 24
+ 1 25
+ 1 26
+ 1 27
+ 1 28
+ 1 29
+ 1 30
+ 1 31
+ 1 32
+ 1 33
+ 1 34
+ 1 35
+ 1 36
+ 1 37
+ 1 38
+ 1 39
+ 1 40
+ 1 41
+ 1 42
+ 1 43
+ 1 44
+ 1 45
+ 1 46
+ 1 47
+ 1 48
+ 1 49
+ 1 50
+ 1 51
+ 1 52
+ 1 53
+ 1 54
+ 1 55
+ 1 56
+ 1 57
+ 1 58
+ 1 59
+ 1 60
+ 1 61
+ 1 62
+ 1 63
+ 1 64
+ 1 65
+ 1 66
+ 1 67
+ 1 68
+ 1 69
+ 1 70
+ 1 71
+ 1 72
+ 1 73
+ 1 74
+ 1 75
+ 1 76
+ 1 77
+ 1 78
+ 1 79
+ 1 80
+ 1 81
+ 1 82
+ 1 83
+ 1 84
+ 1 85
+ 1 86
+ 1 87
+ 1 88
+ 1 89
+ 1 90
o 2 1
x 3 2
x 4 3
x 5 4
x 6 5
x 7 6
x 8 7
x 9 8
x 10 9
x 11 10
x 12 11
x 13 12
x 14 13
x 15 14
x 16 15
x 18 17
x 19 18
x 20 19
x 21 20
x 22 21
x 23 22
x 24 23
x 25 24
x 26 25
x 27 26
x 28 27
x 29 28
x 30 29
x 31 30
x 32 31
x 33 32
x 34 33
x 35 34
x 36 35
x 37 36
x 38 37
x 39 38
x 40 39
x 41 40
x 42 41
x 43 42
x 44 43
x 45 44
x 46 45
x 47 46
x 48 47
x 49 48
x 50 49
x 51 50
x 52 51
x 53 52
x 54 53
x 55 54
x 56 55
x 57 56
x 58 57
x 59 58
x 60 59
x 61 60
x 62 61
x 63 62
x 64 63
x 65 64
x 66 65
x 67 66
x 68 67
x 69 68
x 70 69
x 71 70
x 72 71
x 73 72
x 74 73
x 75 74
x 76 75
x 77 76
x 78 77
x 79 78
x 80 79
x 81 80
x 82 81
x 83 82
x 84 83
x 85 84
x 86 85
x 87 86
x 88 87
x 89 88
x 90 89
x 91 90
Case #92: 201 199
o 1 6
+ 1 1
+ 1 2
+ 1 3
+ 1 4
+ 1 5
+ 1 7
+ 1 8
+ 1 9
+ 1 10
+ 1 11
+ 1 12
+ 1 13
+ 1 14
+ 1 15
+ 1 16
+ 1 17
+ 1 18
+ 1 19
+ 1 20
+ 1 21
+ 1 22
+ 1 23
+ 1 24
+ 1 25
+ 1 26
+ 1 27
+ 1 28
+ 1 29
+ 1 30
+ 1 31
+ 1 32
+ 1 33
+ 1 34
+ 1 35
+ 1 36
+ 1 37
+ 1 38
+ 1 39
+ 1 40
+ 1 41
+ 1 42
+ 1 43
+ 1 44
+ 1 45
+ 1 46
+ 1 47
+ 1 48
+ 1 49
+ 1 50
+ 1 51
+ 1 52
+ 1 53
+ 1 54
+ 1 55
+ 1 56
+ 1 57
+ 1 58
+ 1 59
+ 1 60
+ 1 61
+ 1 62
+ 1 63
+ 1 64
+ 1 65
+ 1 66
+ 1 67
+ 1 68
+ 1 69
+ 1 70
+ 1 71
+ 1 72
+ 1 73
+ 1 74
+ 1 75
+ 1 76
+ 1 77
+ 1 78
+ 1 79
+ 1 80
+ 1 81
+ 1 82
+ 1 83
+ 1 84
+ 1 85
+ 1 86
+ 1 87
+ 1 88
+ 1 89
+ 1 90
+ 1 91
+ 1 92
+ 1 93
+ 1 94
+ 1 95
+ 1 96
+ 1 97
+ 1 98
+ 1 99
+ 1 100
o 2 1
x 3 2
x 4 3
x 5 4
x 6 5
x 8 7
x 9 8
x 10 9
x 11 10
x 12 11
x 13 12
x 14 13
x 15 14
x 16 15
x 17 16
x 18 17
x 19 18
x 20 19
x 21 20
x 22 21
x 23 22
x 24 23
x 25 24
x 26 25
x 27 26
x 28 27
x 29 28
x 30 29
x 31 30
x 32 31
x 33 32
x 34 33
x 35 34
x 36 35
x 37 36
x 38 37
x 39 38
x 40 39
x 41 40
x 42 41
x 43 42
x 44 43
x 45 44
x 46 45
x 47 46
x 48 47
x 49 48
x 50 49
x 51 50
x 52 51
x 53 52
x 54 53
x 55 54
x 56 55
x 57 56
x 58 57
x 59 58
x 60 59
x 61 60
x 62 61
x 63 62
x 64 63
x 65 64
x 66 65
x 67 66
x 68 67
x 69 68
x 70 69
x 71 70
x 72 71
x 73 72
x 74 73
x 75 74
x 76 75
x 77 76
x 78 77
x 79 78
x 80 79
x 81 80
x 82 81
x 83 82
x 84 83
x 85 84
x 86 85
x 87 86
x 88 87
x 89 88
x 90 89
x 91 90
x 92 91
x 93 92
x 94 93
x 95 94
x 96 95
x 97 96
x 98 97
x 99 98
x 100 99
x 101 100
Case #93: 201 198
o 1 74
+ 1 2
+ 1 3
+ 1 4
+ 1 5
+ 1 6
+ 1 7
+ 1 8
+ 1 9
+ 1 10
+ 1 11
+ 1 12
+ 1 13
+ 1 14
+ 1 15
+ 1 16
+ 1 17
+ 1 18
+ 1 19
+ 1 20
+ 1 21
+ 1 22
+ 1 23
+ 1 24
+ 1 25
+ 1 26
+ 1 27
+ 1 28
+ 1 29
+ 1 30
+ 1 31
+ 1 32
+ 1 33
+ 1 34
+ 1 35
+ 1 36
+ 1 37
+ 1 38
+ 1 39
+ 1 40
+ 1 41
+ 1 42
+ 1 43
+ 1 44
+ 1 45
+ 1 46
+ 1 47
+ 1 48
+ 1 49
+ 1 50
+ 1 51
+ 1 52
+ 1 53
+ 1 54
+ 1 55
+ 1 56
+ 1 57
+ 1 58
+ 1 59
+ 1 60
+ 1 61
+ 1 62
+ 1 63
+ 1 64
+ 1 65
+ 1 66
+ 1 67
+ 1 68
+ 1 69
+ 1 70
+ 1 71
+ 1 72
+ 1 73
+ 1 75
+ 1 76
+ 1 77
+ 1 78
+ 1 79
+ 1 80
+ 1 81
+ 1 82
+ 1 83
+ 1 84
+ 1 85
+ 1 86
+ 1 87
+ 1 88
+ 1 89
+ 1 90
+ 1 91
+ 1 92
+ 1 93
+ 1 94
+ 1 95
+ 1 96
+ 1 97
+ 1 98
+ 1 99
+ 1 100
o 2 1
x 3 2
x 4 3
x 5 4
x 6 5
x 7 6
x 8 7
x 9 8
x 10 9
x 11 10
x 12 11
x 13 12
x 14 13
x 15 14
x 16 15
x 17 16
x 18 17
x 19 18
x 20 19
x 21 20
x 22 21
x 23 22
x 24 23
x 25 24
x 26 25
x 27 26
x 28 27
x 29 28
x 30 29
x 31 30
x 32 31
x 33 32
x 34 33
x 35 34
x 36 35
x 37 36
x 38 37
x 39 38
x 40 39
x 41 40
x 42 41
x 43 42
x 44 43
x 45 44
x 46 45
x 47 46
x 48 47
x 49 48
x 50 49
x 51 50
x 52 51
x 53 52
x 54 53
x 55 54
x 56 55
x 57 56
x 58 57
x 59 58
x 60 59
x 61 60
x 62 61
x 63 62
x 64 63
x 65 64
x 66 65
x 67 66
x 68 67
x 69 68
x 70 69
x 71 70
x 72 71
x 73 72
x 74 73
x 76 75
x 77 76
x 78 77
x 79 78
x 80 79
x 81 80
x 82 81
x 83 82
x 84 83
x 85 84
x 86 85
x 87 86
x 88 87
x 89 88
x 90 89
x 91 90
x 92 91
x 93 92
x 94 93
x 95 94
x 96 95
x 97 96
x 98 97
x 99 98
x 100 99
x 101 100
Case #94: 27 24
o 1 13
+ 1 1
+ 1 2
+ 1 3
+ 1 4
+ 1 5
+ 1 6
+ 1 7
+ 1 9
+ 1 10
+ 1 11
+ 1 12
o 2 1
x 3 2
x 4 3
x 5 4
x 6 5
x 7 6
x 8 7
x 9 8
x 10 9
x 11 10
x 12 11
x 13 12
Case #95: 201 194
o 1 1
+ 1 2
+ 1 3
+ 1 5
+ 1 7
+ 1 8
+ 1 9
+ 1 10
+ 1 11
+ 1 12
+ 1 13
+ 1 14
+ 1 15
+ 1 16
+ 1 17
+ 1 18
+ 1 19
+ 1 20
+ 1 21
+ 1 22
+ 1 23
+ 1 24
+ 1 25
+ 1 26
+ 1 27
+ 1 28
+ 1 29
+ 1 30
+ 1 31
+ 1 32
+ 1 33
+ 1 34
+ 1 35
+ 1 37
+ 1 38
+ 1 39
+ 1 40
+ 1 41
+ 1 42
+ 1 43
+ 1 44
+ 1 45
+ 1 46
+ 1 48
+ 1 49
+ 1 50
+ 1 51
+ 1 52
+ 1 53
+ 1 54
+ 1 55
+ 1 56
+ 1 57
+ 1 58
+ 1 59
+ 1 60
+ 1 61
+ 1 62
+ 1 63
+ 1 64
+ 1 65
+ 1 66
+ 1 67
+ 1 68
+ 1 69
+ 1 70
+ 1 71
+ 1 72
+ 1 73
+ 1 75
+ 1 76
+ 1 77
+ 1 78
+ 1 79
+ 1 80
+ 1 81
+ 1 82
+ 1 83
+ 1 84
+ 1 85
+ 1 86
+ 1 87
+ 1 88
+ 1 89
+ 1 90
+ 1 91
+ 1 92
+ 1 93
+ 1 94
+ 1 95
+ 1 96
+ 1 97
+ 1 98
+ 1 99
+ 1 100
x 2 2
x 3 3
x 4 4
x 5 5
x 6 6
x 7 7
x 8 8
x 9 9
x 10 10
x 11 11
x 12 12
x 13 13
x 14 14
x 15 15
x 16 16
x 17 17
x 18 18
x 19 19
x 20 20
x 21 21
x 22 22
x 23 23
x 24 24
x 25 25
x 26 26
x 27 27
x 28 28
x 29 29
x 30 30
x 31 31
x 32 32
x 33 33
x 34 34
x 35 35
x 36 36
x 37 37
x 38 38
x 39 39
x 40 40
x 41 41
x 42 42
x 43 43
x 44 44
x 45 45
x 46 46
x 47 47
x 48 48
x 49 49
x 50 50
x 51 51
x 52 52
x 53 53
x 54 54
x 55 55
x 56 56
x 57 57
x 58 58
x 59 59
x 60 60
x 61 61
x 62 62
x 63 63
x 64 64
x 65 65
x 66 66
x 67 67
x 68 68
x 69 69
x 70 70
x 71 71
x 72 72
x 73 73
x 74 74
x 75 75
x 76 76
x 77 77
x 78 78
x 79 79
x 80 80
x 81 81
x 82 82
x 83 83
x 84 84
x 85 85
x 86 86
x 87 87
x 88 88
x 89 89
x 90 90
x 91 91
x 92 92
x 93 93
x 94 94
x 95 95
x 96 96
x 97 97
x 98 98
x 99 99
x 100 100
Case #96: 200 100
o 1 1
x 2 2
x 3 3
x 4 4
x 5 5
x 6 6
x 7 7
x 8 8
x 9 9
x 10 10
x 11 11
x 12 12
x 13 13
x 14 14
x 15 15
x 16 16
x 17 17
x 18 18
x 19 19
x 20 20
x 21 21
x 22 22
x 23 23
x 24 24
x 25 25
x 26 26
x 27 27
x 28 28
x 29 29
x 30 30
x 31 31
x 32 32
x 33 33
x 34 34
x 35 35
x 36 36
x 37 37
x 38 38
x 39 39
x 40 40
x 41 41
x 42 42
x 43 43
x 44 44
x 45 45
x 46 46
x 47 47
x 48 48
x 49 49
x 50 50
x 51 51
x 52 52
x 53 53
x 54 54
x 55 55
x 56 56
x 57 57
x 58 58
x 59 59
x 60 60
x 61 61
x 62 62
x 63 63
x 64 64
x 65 65
x 66 66
x 67 67
x 68 68
x 69 69
x 70 70
x 71 71
x 72 72
x 73 73
x 74 74
x 75 75
x 76 76
x 77 77
x 78 78
x 79 79
x 80 80
x 81 81
x 82 82
x 83 83
x 84 84
x 85 85
x 86 86
x 87 87
x 88 88
x 89 89
x 90 90
x 91 91
x 92 92
x 93 93
x 94 94
x 95 95
x 96 96
x 97 97
x 98 98
x 99 99
x 100 100
Case #97: 35 31
+ 1 1
+ 1 2
+ 1 3
+ 1 4
+ 1 6
+ 1 8
+ 1 9
+ 1 10
+ 1 11
+ 1 12
+ 1 13
+ 1 14
+ 1 15
+ 1 16
+ 1 17
o 2 1
x 3 2
x 4 3
x 5 4
x 7 6
x 8 7
x 9 8
x 10 9
x 11 10
x 12 11
x 13 12
x 14 13
x 15 14
x 16 15
x 17 16
x 18 17
Case #98: 5 2
o 1 2
o 2 1
Case #99: 201 199
o 1 74
+ 1 1
+ 1 2
+ 1 3
+ 1 4
+ 1 5
+ 1 6
+ 1 7
+ 1 8
+ 1 9
+ 1 10
+ 1 11
+ 1 12
+ 1 13
+ 1 14
+ 1 15
+ 1 16
+ 1 17
+ 1 18
+ 1 19
+ 1 20
+ 1 21
+ 1 22
+ 1 23
+ 1 24
+ 1 25
+ 1 26
+ 1 27
+ 1 28
+ 1 29
+ 1 30
+ 1 31
+ 1 32
+ 1 33
+ 1 34
+ 1 35
+ 1 36
+ 1 37
+ 1 38
+ 1 39
+ 1 40
+ 1 41
+ 1 42
+ 1 43
+ 1 44
+ 1 45
+ 1 46
+ 1 47
+ 1 48
+ 1 49
+ 1 50
+ 1 51
+ 1 52
+ 1 53
+ 1 54
+ 1 55
+ 1 56
+ 1 57
+ 1 58
+ 1 59
+ 1 60
+ 1 61
+ 1 62
+ 1 63
+ 1 64
+ 1 65
+ 1 66
+ 1 67
+ 1 68
+ 1 69
+ 1 70
+ 1 71
+ 1 72
+ 1 73
+ 1 75
+ 1 76
+ 1 77
+ 1 78
+ 1 79
+ 1 80
+ 1 81
+ 1 82
+ 1 83
+ 1 84
+ 1 85
+ 1 86
+ 1 87
+ 1 88
+ 1 89
+ 1 90
+ 1 91
+ 1 92
+ 1 93
+ 1 94
+ 1 95
+ 1 96
+ 1 97
+ 1 98
+ 1 99
+ 1 100
o 2 1
x 3 2
x 4 3
x 5 4
x 6 5
x 7 6
x 8 7
x 9 8
x 10 9
x 11 10
x 12 11
x 13 12
x 14 13
x 15 14
x 16 15
x 17 16
x 18 17
x 19 18
x 20 19
x 21 20
x 22 21
x 23 22
x 24 23
x 25 24
x 26 25
x 27 26
x 28 27
x 29 28
x 30 29
x 31 30
x 32 31
x 33 32
x 34 33
x 35 34
x 36 35
x 37 36
x 38 37
x 39 38
x 40 39
x 41 40
x 42 41
x 43 42
x 44 43
x 45 44
x 46 45
x 47 46
x 48 47
x 49 48
x 50 49
x 51 50
x 52 51
x 53 52
x 54 53
x 55 54
x 56 55
x 57 56
x 58 57
x 59 58
x 60 59
x 61 60
x 62 61
x 63 62
x 64 63
x 65 64
x 66 65
x 67 66
x 68 67
x 69 68
x 70 69
x 71 70
x 72 71
x 73 72
x 74 73
x 76 75
x 77 76
x 78 77
x 79 78
x 80 79
x 81 80
x 82 81
x 83 82
x 84 83
x 85 84
x 86 85
x 87 86
x 88 87
x 89 88
x 90 89
x 91 90
x 92 91
x 93 92
x 94 93
x 95 94
x 96 95
x 97 96
x 98 97
x 99 98
x 100 99
x 101 100
Case #100: 79 74
+ 1 1
+ 1 2
+ 1 3
+ 1 4
+ 1 5
+ 1 6
+ 1 7
+ 1 8
+ 1 10
+ 1 11
+ 1 12
+ 1 13
+ 1 14
+ 1 15
+ 1 16
+ 1 17
+ 1 18
+ 1 19
+ 1 20
+ 1 21
+ 1 22
+ 1 23
+ 1 24
+ 1 25
+ 1 26
+ 1 28
+ 1 29
+ 1 30
+ 1 32
+ 1 33
+ 1 34
+ 1 35
+ 1 36
+ 1 37
+ 1 38
+ 1 39
o 2 1
x 3 2
x 4 3
x 5 4
x 6 5
x 7 6
x 8 7
x 9 8
x 11 10
x 12 11
x 13 12
x 14 13
x 15 14
x 16 15
x 17 16
x 18 17
x 19 18
x 20 19
x 21 20
x 22 21
x 23 22
x 24 23
x 25 24
x 26 25
x 27 26
x 28 27
x 29 28
x 30 29
x 31 30
x 32 31
x 33 32
x 34 33
x 35 34
x 36 35
x 37 36
x 38 37
x 39 38
x 40 39
